[INFO ] 2018-08-15 15:29:50.643 [main] (LoginPage.java:96) - Found login form on the page, need to login
[INFO ] 2018-08-15 15:29:51.784 [main] (TestFilterClient.java:15) - Run into Testtests.contracts.TestFilterClient
[INFO ] 2018-08-15 15:29:51.790 [main] (DataBase.java:39) - PostgreSQL JDBC Driver successfully connected
[INFO ] 2018-08-15 15:29:51.929 [main] (DataBase.java:60) - You successfully connected to database now
[INFO ] 2018-08-15 15:29:52.169 [main] (BasePOM.java:143) - Wait For By.xpath: .//a[@href='/admin/contracts']
[INFO ] 2018-08-15 15:29:53.046 [main] (BasePOM.java:143) - Wait For By.xpath: .//table[@class='table table-hover']
[DEBUG] 2018-08-15 15:29:53.054 [main] (ContractsAllTestBase.java:115) - 
SQLquery:select 
        contract.id as "Contract",
        CONCAT(client.first_name, ' ', client.last_name ) as "ClientName",
        consultancy.name as "Consultancy", 
        CONCAT(employee.first_name, ' ', employee.last_name) as "Mentor",
        contract.contract_date as "ContractDate",
        contract.payment_type as "Type",
        deal.status as "Status"
From 
        consultancy inner join (client inner join (employee inner join (Contract inner join deal 
        on (contract.deal_id = deal.id))
        on (employee.id = contract.employee_id))
        on (client.id = deal.client_id))
        on (consultancy.id = deal.consultancy_id)
Group by
contract.id,
client.first_name,
client.last_name,
consultancy.name,
employee.first_name,
employee.last_name,
contract.created_date,
contract.payment_type,
deal.status
 Order By RANDOM()
 LIMIT 1

[DEBUG] 2018-08-15 15:29:53.102 [main] (ContractsAllTestBase.java:115) - 
SQLquery:select 
        contract.id as "Contract",
        CONCAT(client.first_name, ' ', client.last_name ) as "ClientName",
        consultancy.name as "Consultancy", 
        CONCAT(employee.first_name, ' ', employee.last_name) as "Mentor",
        contract.contract_date as "ContractDate",
        contract.payment_type as "Type",
        deal.status as "Status"
From 
        consultancy inner join (client inner join (employee inner join (Contract inner join deal 
        on (contract.deal_id = deal.id))
        on (employee.id = contract.employee_id))
        on (client.id = deal.client_id))
        on (consultancy.id = deal.consultancy_id)
Group by
contract.id,
client.first_name,
client.last_name,
consultancy.name,
employee.first_name,
employee.last_name,
contract.created_date,
contract.payment_type,
deal.status
 HAVING CONCAT(client.first_name, ' ', client.last_name ) = 'Kurt Wagner' ORDER BY contract.id
[INFO ] 2018-08-15 15:29:53.130 [main] (BasePOM.java:143) - Wait For By.xpath: //input[@placeholder='Поиск']
[INFO ] 2018-08-15 15:29:53.139 [main] (ContractsMain.java:32) - Typing Kurt Wagner
[DEBUG] 2018-08-15 15:29:53.234 [main] (JSWaiter.java:153) - Going to sleep for :20
[DEBUG] 2018-08-15 15:29:53.255 [main] (JSWaiter.java:159) - wakeup from sleep for :20
[DEBUG] 2018-08-15 15:29:53.264 [main] (JSWaiter.java:43) - JQuery is Ready!
[DEBUG] 2018-08-15 15:29:53.272 [main] (JSWaiter.java:90) - JS is Ready!
[DEBUG] 2018-08-15 15:29:53.273 [main] (JSWaiter.java:153) - Going to sleep for :20
[DEBUG] 2018-08-15 15:29:53.293 [main] (JSWaiter.java:159) - wakeup from sleep for :20
[DEBUG] 2018-08-15 15:29:53.305 [main] (JSWaiter.java:141) - Angular is not defined on this site!
[DEBUG] 2018-08-15 15:29:53.305 [main] (JSWaiter.java:153) - Going to sleep for :1000
[DEBUG] 2018-08-15 15:29:54.306 [main] (JSWaiter.java:159) - wakeup from sleep for :1000
[INFO ] 2018-08-15 15:29:54.333 [main] (BasePOM.java:143) - Wait For By.xpath: //input[@placeholder='Поиск']
[DEBUG] 2018-08-15 15:29:54.737 [main] (HtmlTable.java:105) - Read table By.xpath: .//table[@class='table table-hover']
[DEBUG] 2018-08-15 15:29:54.737 [main] (PrintOuts.java:41) - For key 1 result is Contract
[DEBUG] 2018-08-15 15:29:54.737 [main] (PrintOuts.java:41) - For key 2 result is Client
[DEBUG] 2018-08-15 15:29:54.737 [main] (PrintOuts.java:41) - For key 3 result is Consultancy
[DEBUG] 2018-08-15 15:29:54.737 [main] (PrintOuts.java:41) - For key 4 result is Mentor
[DEBUG] 2018-08-15 15:29:54.738 [main] (PrintOuts.java:41) - For key 5 result is Contract date
[DEBUG] 2018-08-15 15:29:54.738 [main] (PrintOuts.java:41) - For key 6 result is Type
[DEBUG] 2018-08-15 15:29:54.738 [main] (PrintOuts.java:41) - For key 7 result is Status
[DEBUG] 2018-08-15 15:29:54.738 [main] (PrintOuts.java:41) - For key Status result is 7
[DEBUG] 2018-08-15 15:29:54.738 [main] (PrintOuts.java:41) - For key Type result is 6
[DEBUG] 2018-08-15 15:29:54.738 [main] (PrintOuts.java:41) - For key Consultancy result is 3
[DEBUG] 2018-08-15 15:29:54.738 [main] (PrintOuts.java:41) - For key Mentor result is 4
[DEBUG] 2018-08-15 15:29:54.738 [main] (PrintOuts.java:41) - For key Contract date result is 5
[DEBUG] 2018-08-15 15:29:54.738 [main] (PrintOuts.java:41) - For key Client result is 2
[DEBUG] 2018-08-15 15:29:54.738 [main] (PrintOuts.java:41) - For key Contract result is 1
[DEBUG] 2018-08-15 15:29:54.739 [main] (PrintOuts.java:20) - 
1:4|2:Kurt Wagner|3:Group Development|4:Scott Summers|5:01-июл-2018|6:PREPAY|7:ACTIVE|
1:9|2:Kurt Wagner|3:Mentoring|4:Scott Summers|5:05-янв-2018|6:PREPAY|7:COMPLETED|

[DEBUG] 2018-08-15 15:29:54.739 [main] (PrintOuts.java:48) - Enter rename from:Client to:ClientName
[DEBUG] 2018-08-15 15:29:54.739 [main] (PrintOuts.java:48) - Enter rename from:Contract date to:ContractDate
[DEBUG] 2018-08-15 15:29:54.739 [main] (PrintOuts.java:41) - For key 1 result is Contract
[DEBUG] 2018-08-15 15:29:54.739 [main] (PrintOuts.java:41) - For key 2 result is ClientName
[DEBUG] 2018-08-15 15:29:54.739 [main] (PrintOuts.java:41) - For key 3 result is Consultancy
[DEBUG] 2018-08-15 15:29:54.739 [main] (PrintOuts.java:41) - For key 4 result is Mentor
[DEBUG] 2018-08-15 15:29:54.739 [main] (PrintOuts.java:41) - For key 5 result is ContractDate
[DEBUG] 2018-08-15 15:29:54.739 [main] (PrintOuts.java:41) - For key 6 result is Type
[DEBUG] 2018-08-15 15:29:54.740 [main] (PrintOuts.java:41) - For key 7 result is Status
[DEBUG] 2018-08-15 15:29:54.740 [main] (PrintOuts.java:41) - For key Status result is 7
[DEBUG] 2018-08-15 15:29:54.740 [main] (PrintOuts.java:41) - For key Type result is 6
[DEBUG] 2018-08-15 15:29:54.740 [main] (PrintOuts.java:41) - For key ClientName result is 2
[DEBUG] 2018-08-15 15:29:54.740 [main] (PrintOuts.java:41) - For key Consultancy result is 3
[DEBUG] 2018-08-15 15:29:54.740 [main] (PrintOuts.java:41) - For key Mentor result is 4
[DEBUG] 2018-08-15 15:29:54.740 [main] (PrintOuts.java:41) - For key Contract result is 1
[DEBUG] 2018-08-15 15:29:54.740 [main] (PrintOuts.java:41) - For key ContractDate result is 5
[DEBUG] 2018-08-15 15:29:54.740 [main] (PrintOuts.java:20) - 
1:4|2:Kurt Wagner|3:Group Development|4:Scott Summers|5:01-июл-2018|6:PREPAY|7:ACTIVE|
1:9|2:Kurt Wagner|3:Mentoring|4:Scott Summers|5:05-янв-2018|6:PREPAY|7:COMPLETED|

[DEBUG] 2018-08-15 15:29:54.741 [main] (PrintOuts.java:48) - Convert date from ContractDate: 01-июл-2018
[DEBUG] 2018-08-15 15:29:54.756 [main] (ConverDates.java:75) - success: true. input: 01-июл-2018 → localDate: 2018-07-01 → formatted: 01-июл.-2018 → outputImproper: 01-июл-2018
[DEBUG] 2018-08-15 15:29:54.756 [main] (ConverDates.java:84) - Send converted date 2018-07-01
[DEBUG] 2018-08-15 15:29:54.756 [main] (PrintOuts.java:48) - Converted date:2018-07-01
[DEBUG] 2018-08-15 15:29:54.756 [main] (PrintOuts.java:48) - Convert date from ContractDate: 05-янв-2018
[DEBUG] 2018-08-15 15:29:54.757 [main] (ConverDates.java:75) - success: true. input: 05-янв-2018 → localDate: 2018-01-05 → formatted: 05-янв.-2018 → outputImproper: 05-янв-2018
[DEBUG] 2018-08-15 15:29:54.757 [main] (ConverDates.java:84) - Send converted date 2018-01-05
[DEBUG] 2018-08-15 15:29:54.757 [main] (PrintOuts.java:48) - Converted date:2018-01-05
[DEBUG] 2018-08-15 15:29:54.757 [main] (PrintOuts.java:48) - key:Status
[DEBUG] 2018-08-15 15:29:54.757 [main] (PrintOuts.java:48) - value:ACTIVE
[DEBUG] 2018-08-15 15:29:54.757 [main] (PrintOuts.java:48) - ACTIVE
[DEBUG] 2018-08-15 15:29:54.758 [main] (PrintOuts.java:48) - key:ClientName
[DEBUG] 2018-08-15 15:29:54.758 [main] (PrintOuts.java:48) - value:Kurt Wagner
[DEBUG] 2018-08-15 15:29:54.758 [main] (PrintOuts.java:48) - Kurt Wagner
[DEBUG] 2018-08-15 15:29:54.758 [main] (PrintOuts.java:48) - key:Type
[DEBUG] 2018-08-15 15:29:54.758 [main] (PrintOuts.java:48) - value:PREPAY
[DEBUG] 2018-08-15 15:29:54.758 [main] (PrintOuts.java:48) - PREPAY
[DEBUG] 2018-08-15 15:29:54.758 [main] (PrintOuts.java:48) - key:Consultancy
[DEBUG] 2018-08-15 15:29:54.758 [main] (PrintOuts.java:48) - value:Group Development
[DEBUG] 2018-08-15 15:29:54.759 [main] (PrintOuts.java:48) - Group Development
[DEBUG] 2018-08-15 15:29:54.759 [main] (PrintOuts.java:48) - key:Mentor
[DEBUG] 2018-08-15 15:29:54.759 [main] (PrintOuts.java:48) - value:Scott Summers
[DEBUG] 2018-08-15 15:29:54.759 [main] (PrintOuts.java:48) - Scott Summers
[DEBUG] 2018-08-15 15:29:54.759 [main] (PrintOuts.java:48) - key:Contract
[DEBUG] 2018-08-15 15:29:54.759 [main] (PrintOuts.java:48) - value:4
[DEBUG] 2018-08-15 15:29:54.759 [main] (PrintOuts.java:48) - 4
[DEBUG] 2018-08-15 15:29:54.759 [main] (PrintOuts.java:48) - key:ContractDate
[DEBUG] 2018-08-15 15:29:54.760 [main] (PrintOuts.java:48) - value:2018-07-01
[DEBUG] 2018-08-15 15:29:54.760 [main] (PrintOuts.java:48) - 2018-07-01
[DEBUG] 2018-08-15 15:29:54.760 [main] (PrintOuts.java:48) - key:Status
[DEBUG] 2018-08-15 15:29:54.760 [main] (PrintOuts.java:48) - value:COMPLETED
[DEBUG] 2018-08-15 15:29:54.760 [main] (PrintOuts.java:48) - COMPLETED
[DEBUG] 2018-08-15 15:29:54.760 [main] (PrintOuts.java:48) - key:ClientName
[DEBUG] 2018-08-15 15:29:54.760 [main] (PrintOuts.java:48) - value:Kurt Wagner
[DEBUG] 2018-08-15 15:29:54.760 [main] (PrintOuts.java:48) - Kurt Wagner
[DEBUG] 2018-08-15 15:29:54.760 [main] (PrintOuts.java:48) - key:Type
[DEBUG] 2018-08-15 15:29:54.761 [main] (PrintOuts.java:48) - value:PREPAY
[DEBUG] 2018-08-15 15:29:54.761 [main] (PrintOuts.java:48) - PREPAY
[DEBUG] 2018-08-15 15:29:54.761 [main] (PrintOuts.java:48) - key:Consultancy
[DEBUG] 2018-08-15 15:29:54.761 [main] (PrintOuts.java:48) - value:Mentoring
[DEBUG] 2018-08-15 15:29:54.761 [main] (PrintOuts.java:48) - Mentoring
[DEBUG] 2018-08-15 15:29:54.761 [main] (PrintOuts.java:48) - key:Mentor
[DEBUG] 2018-08-15 15:29:54.761 [main] (PrintOuts.java:48) - value:Scott Summers
[DEBUG] 2018-08-15 15:29:54.761 [main] (PrintOuts.java:48) - Scott Summers
[DEBUG] 2018-08-15 15:29:54.762 [main] (PrintOuts.java:48) - key:Contract
[DEBUG] 2018-08-15 15:29:54.762 [main] (PrintOuts.java:48) - value:9
[DEBUG] 2018-08-15 15:29:54.762 [main] (PrintOuts.java:48) - 9
[DEBUG] 2018-08-15 15:29:54.762 [main] (PrintOuts.java:48) - key:ContractDate
[DEBUG] 2018-08-15 15:29:54.762 [main] (PrintOuts.java:48) - value:2018-01-05
[DEBUG] 2018-08-15 15:29:54.762 [main] (PrintOuts.java:48) - 2018-01-05
[DEBUG] 2018-08-15 15:29:54.762 [main] (ContractsAllTestBase.java:127) - Comparation:true
[DEBUG] 2018-08-15 15:29:54.762 [main] (ContractsAllTestBase.java:128) - FromDB
[DEBUG] 2018-08-15 15:29:54.763 [main] (PrintOuts.java:20) - 
Status:ACTIVE|ClientName:Kurt Wagner|Type:PREPAY|Consultancy:Group Development|Mentor:Scott Summers|Contract:4|ContractDate:2018-07-01|
Status:COMPLETED|ClientName:Kurt Wagner|Type:PREPAY|Consultancy:Mentoring|Mentor:Scott Summers|Contract:9|ContractDate:2018-01-05|

[DEBUG] 2018-08-15 15:29:54.763 [main] (ContractsAllTestBase.java:130) - FromPage
[DEBUG] 2018-08-15 15:29:54.763 [main] (PrintOuts.java:20) - 
Status:ACTIVE|ClientName:Kurt Wagner|Type:PREPAY|Consultancy:Group Development|Mentor:Scott Summers|Contract:4|ContractDate:2018-07-01|
Status:COMPLETED|ClientName:Kurt Wagner|Type:PREPAY|Consultancy:Mentoring|Mentor:Scott Summers|Contract:9|ContractDate:2018-01-05|

[INFO ] 2018-08-15 15:29:54.763 [main] (DataBase.java:74) - DB Connection close
