[INFO ] 2018-10-31 19:02:52.363 (BaseTest.java:105) - --------------------Strarting Test------------
[INFO ] 2018-10-31 19:02:52.371 (BaseTest.java:112) - Starting browser
[INFO ] 2018-10-31 19:02:57.215 (LoginPage.java:102) - Found login form on the page, need to login
[INFO ] 2018-10-31 19:02:57.216 (LoginPage.java:72) - logining as admin
[INFO ] 2018-10-31 19:02:58.578 (LoginPage.java:64) - pressed Submit
[DEBUG] 2018-10-31 19:02:58.597 (DataBase.java:39) - PostgreSQL JDBC Driver successfully connected
[DEBUG] 2018-10-31 19:02:58.730 (DataBase.java:60) - You successfully connected to database now
[INFO ] 2018-10-31 19:02:58.731 (DealFromClientPageDbVsUI.java:22) - Get into Testtests.deals.DealFromClientPageDbVsUI
[INFO ] 2018-10-31 19:02:58.731 (DealFromClientPageDbVsUI.java:23) - Going through invoces
[DEBUG] 2018-10-31 19:02:58.734 (DataBase.java:39) - PostgreSQL JDBC Driver successfully connected
[DEBUG] 2018-10-31 19:02:58.845 (DataBase.java:60) - You successfully connected to database now
[INFO ] 2018-10-31 19:02:58.848 (BasePOM.java:191) - Doing click on By.xpath: .//span[contains(text(),'Счета')]
[DEBUG] 2018-10-31 19:02:58.852 (BaseWaitingWrapper.java:204) - Wait For By.xpath: .//span[contains(text(),'Счета')] to be hidden
[INFO ] 2018-10-31 19:02:58.882 (BaseWaitingWrapper.java:263) - Find element By.xpath: .//span[contains(text(),'Счета')] in state ToBeVisibile
[INFO ] 2018-10-31 19:02:58.938 (BasePOM.java:191) - Doing click on By.xpath: .//a[@href='/admin/invoices']
[DEBUG] 2018-10-31 19:02:58.938 (BaseWaitingWrapper.java:204) - Wait For By.xpath: .//a[@href='/admin/invoices'] to be hidden
[INFO ] 2018-10-31 19:02:58.967 (BaseWaitingWrapper.java:263) - Find element By.xpath: .//a[@href='/admin/invoices'] in state ToBeVisibile
[DEBUG] 2018-10-31 19:02:59.679 (InvoicesTestBase.java:151) - 
SQLquery:select 
        invoiceext.id as "Invoice Id",
        CONCAT(client.first_name, ' ', client.last_name ) as "ClientName",
        invoiceext.contract_id as "Contact ID",
        CONCAT(money_client.currency,' ',money_client.amount) as "Payment amount",
        invoiceext.period_to as "Payment date",
        invoiceext.period_from as "Payment date From",
        invoiceext.period_to as "Payment date To",
        invoiceext.PaymentID as "Payment status",
        contract.contract_date as "Contract Date",
        contract.payment_type as "Payment Type",
        money_client.amount as " Price",
        money_client.currency as " Price Currency",
        consultancy.name as "Consultancy", 
        CONCAT(employee.first_name, ' ', employee.last_name) as "Mentor",
        money_employee.amount "Employee Rate",
        money_employee.currency "Employee Currency",
        contract.created_date as "ContractDate",
        contract.payment_type as "Type",
        deal.status as "Status"
From    
        (select invoice.*, COALESCE(payment.id, 0) as "paymentid" FROM invoice left join  payment on  invoice.id=payment.invoice_id)
 as invoiceext
inner join (money as money_client inner join ( money as money_employee inner join (consultancy inner join (client inner join (employee inner join (Contract inner join deal 
        on (contract.deal_id = deal.id))
        on (employee.id = contract.employee_id))
        on (client.id = deal.client_id))
        on (consultancy.id = deal.consultancy_id))
        on (money_employee.id = contract.employee_rate_id))
        on (money_client.id = contract.price_id))
        on (invoiceext.contract_id = contract.id)
Group by
invoiceext.id,
invoiceext.contract_id,
client.first_name,
client.last_name,
consultancy.name,
employee.first_name,
employee.last_name,
contract.created_date,
contract.payment_type,
deal.status,
invoiceext.paymentid,
contract.contract_date,
invoiceext.period_from,
invoiceext.period_to,
money_client.amount,
 money_client.currency,
 money_employee.amount,
 money_employee.currency Order By RANDOM()
 LIMIT 1

[DEBUG] 2018-10-31 19:02:59.732 (InvoicesTestBase.java:151) - 
SQLquery:select 
        invoiceext.id as "Invoice Id",
        CONCAT(client.first_name, ' ', client.last_name ) as "ClientName",
        invoiceext.contract_id as "Contact ID",
        CONCAT(money_client.currency,' ',money_client.amount) as "Payment amount",
        invoiceext.period_to as "Payment date",
        invoiceext.period_from as "Payment date From",
        invoiceext.period_to as "Payment date To",
        invoiceext.PaymentID as "Payment status",
        contract.contract_date as "Contract Date",
        contract.payment_type as "Payment Type",
        money_client.amount as " Price",
        money_client.currency as " Price Currency",
        consultancy.name as "Consultancy", 
        CONCAT(employee.first_name, ' ', employee.last_name) as "Mentor",
        money_employee.amount "Employee Rate",
        money_employee.currency "Employee Currency",
        contract.created_date as "ContractDate",
        contract.payment_type as "Type",
        deal.status as "Status"
From    
        (select invoice.*, COALESCE(payment.id, 0) as "paymentid" FROM invoice left join  payment on  invoice.id=payment.invoice_id)
 as invoiceext
inner join (money as money_client inner join ( money as money_employee inner join (consultancy inner join (client inner join (employee inner join (Contract inner join deal 
        on (contract.deal_id = deal.id))
        on (employee.id = contract.employee_id))
        on (client.id = deal.client_id))
        on (consultancy.id = deal.consultancy_id))
        on (money_employee.id = contract.employee_rate_id))
        on (money_client.id = contract.price_id))
        on (invoiceext.contract_id = contract.id)
Group by
invoiceext.id,
invoiceext.contract_id,
client.first_name,
client.last_name,
consultancy.name,
employee.first_name,
employee.last_name,
contract.created_date,
contract.payment_type,
deal.status,
invoiceext.paymentid,
contract.contract_date,
invoiceext.period_from,
invoiceext.period_to,
money_client.amount,
 money_client.currency,
 money_employee.amount,
 money_employee.currency HAVING CONCAT(client.first_name, ' ', client.last_name ) = 'Raven Darkhölme' ORDER BY invoiceext.id
[DEBUG] 2018-10-31 19:02:59.764 (BaseWaitingWrapper.java:204) - Wait For By.xpath: //input[@placeholder='Поиск'] to be hidden
[INFO ] 2018-10-31 19:02:59.792 (BaseWaitingWrapper.java:263) - Find element By.xpath: //input[@placeholder='Поиск'] in state ToBeVisibile
[INFO ] 2018-10-31 19:02:59.792 (BasePOM.java:108) - Typing Raven Darkhölme into By.xpath: .//input[@placeholder='Поиск'] Overwrite:true wait after input mls: 1000
[DEBUG] 2018-10-31 19:02:59.792 (BaseWaitingWrapper.java:204) - Wait For By.xpath: .//input[@placeholder='Поиск'] to be hidden
[INFO ] 2018-10-31 19:02:59.816 (BaseWaitingWrapper.java:263) - Find element By.xpath: .//input[@placeholder='Поиск'] in state ToBeVisibile
[DEBUG] 2018-10-31 19:02:59.927 (BaseWaitingWrapper.java:157) - Going to sleep for :20
[DEBUG] 2018-10-31 19:02:59.948 (BaseWaitingWrapper.java:163) - wakeup from sleep for :20
[DEBUG] 2018-10-31 19:02:59.958 (BaseWaitingWrapper.java:47) - JQuery is Ready!
[DEBUG] 2018-10-31 19:02:59.971 (BaseWaitingWrapper.java:94) - JS is Ready!
[DEBUG] 2018-10-31 19:02:59.971 (BaseWaitingWrapper.java:157) - Going to sleep for :20
[DEBUG] 2018-10-31 19:02:59.991 (BaseWaitingWrapper.java:163) - wakeup from sleep for :20
[DEBUG] 2018-10-31 19:02:59.998 (BaseWaitingWrapper.java:145) - Angular is not defined on this site!
[DEBUG] 2018-10-31 19:02:59.998 (BaseWaitingWrapper.java:157) - Going to sleep for :1000
[DEBUG] 2018-10-31 19:03:01.000 (BaseWaitingWrapper.java:163) - wakeup from sleep for :1000
[DEBUG] 2018-10-31 19:03:01.000 (BaseWaitingWrapper.java:199) - Wait For By.xpath: //div[@class='fixed-table-loading'] to be hidden
[INFO ] 2018-10-31 19:03:01.026 (BaseWaitingWrapper.java:263) - Find element By.xpath: //div[@class='fixed-table-loading'] in state ToBeHidden
[INFO ] 2018-10-31 19:03:01.026 (BasePOM.java:141) - Wait For By.xpath: .//a[contains(text(),'Raven Darkhölme')]
[DEBUG] 2018-10-31 19:03:01.027 (BasePOM.java:83) - Wait For By.xpath: .//a[contains(text(),'Raven Darkhölme')]
[INFO ] 2018-10-31 19:03:01.834 (DealFromClientPageDbVsUI.java:32) - Get into a client page
[DEBUG] 2018-10-31 19:03:01.838 (BasePOM.java:83) - Wait For By.xpath: .//div[@class='display-grid']//table[@class='table table-hover']
[INFO ] 2018-10-31 19:03:01.868 (ClientProperties.java:223) - Reading table with Deals from page
[INFO ] 2018-10-31 19:03:01.868 (BasePOM.java:207) - Doing scroll to By.xpath: .//div[@class='display-grid']//table[@class='table table-hover']
[DEBUG] 2018-10-31 19:03:01.869 (BaseWaitingWrapper.java:204) - Wait For By.xpath: .//div[@class='display-grid']//table[@class='table table-hover'] to be hidden
[INFO ] 2018-10-31 19:03:01.889 (BaseWaitingWrapper.java:263) - Find element By.xpath: .//div[@class='display-grid']//table[@class='table table-hover'] in state ToBeVisibile
[DEBUG] 2018-10-31 19:03:02.670 (HtmlTable.java:95) - Read table By.xpath: .//div[@class='display-grid']//table[@class='table table-hover']
[INFO ] 2018-10-31 19:03:02.670 (ClientProperties.java:226) - Done Reading table with Deals from page
[DEBUG] 2018-10-31 19:03:02.671 (PrintOuts.java:41) - For key 1 result is Id
[DEBUG] 2018-10-31 19:03:02.671 (PrintOuts.java:41) - For key 2 result is Consultancy
[DEBUG] 2018-10-31 19:03:02.671 (PrintOuts.java:41) - For key 3 result is Deal status
[DEBUG] 2018-10-31 19:03:02.671 (PrintOuts.java:41) - For key 4 result is Open date
[DEBUG] 2018-10-31 19:03:02.671 (PrintOuts.java:41) - For key 5 result is Mentor
[DEBUG] 2018-10-31 19:03:02.671 (PrintOuts.java:41) - For key Consultancy result is 2
[DEBUG] 2018-10-31 19:03:02.671 (PrintOuts.java:41) - For key Mentor result is 5
[DEBUG] 2018-10-31 19:03:02.671 (PrintOuts.java:41) - For key Open date result is 4
[DEBUG] 2018-10-31 19:03:02.671 (PrintOuts.java:41) - For key Id result is 1
[DEBUG] 2018-10-31 19:03:02.671 (PrintOuts.java:41) - For key Deal status result is 3
[DEBUG] 2018-10-31 19:03:02.671 (PrintOuts.java:20) - 
1:5|2:Personal Mentor|3:ACTIVE|4:18-июн-2018|5:Charles Xavier|

[DEBUG] 2018-10-31 19:03:02.672 (PrintOuts.java:48) - Convert date from Open date: 18-июн-2018
[INFO ] 2018-10-31 19:03:02.678 (ConverDates.java:50) - Get localdate:18-июн-2018
[INFO ] 2018-10-31 19:03:02.690 (DataBase.java:74) - DB Connection close
[INFO ] 2018-10-31 19:03:02.692 (ScreenShots.java:22) - Resizing Page
[INFO ] 2018-10-31 19:03:04.061 (ScreenShots.java:35) - Making screenshot
[INFO ] 2018-10-31 19:03:04.378 (BaseTest.java:141) - Closing browser
[INFO ] 2018-10-31 19:03:12.759 (BaseTest.java:105) - --------------------Strarting Test------------
[INFO ] 2018-10-31 19:03:12.762 (BaseTest.java:112) - Starting browser
[INFO ] 2018-10-31 19:03:16.328 (LoginPage.java:102) - Found login form on the page, need to login
[INFO ] 2018-10-31 19:03:16.328 (LoginPage.java:72) - logining as admin
[INFO ] 2018-10-31 19:03:17.599 (LoginPage.java:64) - pressed Submit
[DEBUG] 2018-10-31 19:03:17.619 (DataBase.java:39) - PostgreSQL JDBC Driver successfully connected
[DEBUG] 2018-10-31 19:03:17.755 (DataBase.java:60) - You successfully connected to database now
[INFO ] 2018-10-31 19:03:17.755 (DealFromClientPageDbVsUI.java:22) - Get into Testtests.deals.DealFromClientPageDbVsUI
[INFO ] 2018-10-31 19:03:17.755 (DealFromClientPageDbVsUI.java:23) - Going through invoces
[DEBUG] 2018-10-31 19:03:17.757 (DataBase.java:39) - PostgreSQL JDBC Driver successfully connected
[DEBUG] 2018-10-31 19:03:17.864 (DataBase.java:60) - You successfully connected to database now
[INFO ] 2018-10-31 19:03:17.865 (BasePOM.java:191) - Doing click on By.xpath: .//span[contains(text(),'Счета')]
[DEBUG] 2018-10-31 19:03:17.866 (BaseWaitingWrapper.java:204) - Wait For By.xpath: .//span[contains(text(),'Счета')] to be hidden
[INFO ] 2018-10-31 19:03:17.899 (BaseWaitingWrapper.java:263) - Find element By.xpath: .//span[contains(text(),'Счета')] in state ToBeVisibile
[INFO ] 2018-10-31 19:03:17.953 (BasePOM.java:191) - Doing click on By.xpath: .//a[@href='/admin/invoices']
[DEBUG] 2018-10-31 19:03:17.953 (BaseWaitingWrapper.java:204) - Wait For By.xpath: .//a[@href='/admin/invoices'] to be hidden
[INFO ] 2018-10-31 19:03:17.982 (BaseWaitingWrapper.java:263) - Find element By.xpath: .//a[@href='/admin/invoices'] in state ToBeVisibile
[DEBUG] 2018-10-31 19:03:18.617 (InvoicesTestBase.java:151) - 
SQLquery:select 
        invoiceext.id as "Invoice Id",
        CONCAT(client.first_name, ' ', client.last_name ) as "ClientName",
        invoiceext.contract_id as "Contact ID",
        CONCAT(money_client.currency,' ',money_client.amount) as "Payment amount",
        invoiceext.period_to as "Payment date",
        invoiceext.period_from as "Payment date From",
        invoiceext.period_to as "Payment date To",
        invoiceext.PaymentID as "Payment status",
        contract.contract_date as "Contract Date",
        contract.payment_type as "Payment Type",
        money_client.amount as " Price",
        money_client.currency as " Price Currency",
        consultancy.name as "Consultancy", 
        CONCAT(employee.first_name, ' ', employee.last_name) as "Mentor",
        money_employee.amount "Employee Rate",
        money_employee.currency "Employee Currency",
        contract.created_date as "ContractDate",
        contract.payment_type as "Type",
        deal.status as "Status"
From    
        (select invoice.*, COALESCE(payment.id, 0) as "paymentid" FROM invoice left join  payment on  invoice.id=payment.invoice_id)
 as invoiceext
inner join (money as money_client inner join ( money as money_employee inner join (consultancy inner join (client inner join (employee inner join (Contract inner join deal 
        on (contract.deal_id = deal.id))
        on (employee.id = contract.employee_id))
        on (client.id = deal.client_id))
        on (consultancy.id = deal.consultancy_id))
        on (money_employee.id = contract.employee_rate_id))
        on (money_client.id = contract.price_id))
        on (invoiceext.contract_id = contract.id)
Group by
invoiceext.id,
invoiceext.contract_id,
client.first_name,
client.last_name,
consultancy.name,
employee.first_name,
employee.last_name,
contract.created_date,
contract.payment_type,
deal.status,
invoiceext.paymentid,
contract.contract_date,
invoiceext.period_from,
invoiceext.period_to,
money_client.amount,
 money_client.currency,
 money_employee.amount,
 money_employee.currency Order By RANDOM()
 LIMIT 1

[DEBUG] 2018-10-31 19:03:18.666 (InvoicesTestBase.java:151) - 
SQLquery:select 
        invoiceext.id as "Invoice Id",
        CONCAT(client.first_name, ' ', client.last_name ) as "ClientName",
        invoiceext.contract_id as "Contact ID",
        CONCAT(money_client.currency,' ',money_client.amount) as "Payment amount",
        invoiceext.period_to as "Payment date",
        invoiceext.period_from as "Payment date From",
        invoiceext.period_to as "Payment date To",
        invoiceext.PaymentID as "Payment status",
        contract.contract_date as "Contract Date",
        contract.payment_type as "Payment Type",
        money_client.amount as " Price",
        money_client.currency as " Price Currency",
        consultancy.name as "Consultancy", 
        CONCAT(employee.first_name, ' ', employee.last_name) as "Mentor",
        money_employee.amount "Employee Rate",
        money_employee.currency "Employee Currency",
        contract.created_date as "ContractDate",
        contract.payment_type as "Type",
        deal.status as "Status"
From    
        (select invoice.*, COALESCE(payment.id, 0) as "paymentid" FROM invoice left join  payment on  invoice.id=payment.invoice_id)
 as invoiceext
inner join (money as money_client inner join ( money as money_employee inner join (consultancy inner join (client inner join (employee inner join (Contract inner join deal 
        on (contract.deal_id = deal.id))
        on (employee.id = contract.employee_id))
        on (client.id = deal.client_id))
        on (consultancy.id = deal.consultancy_id))
        on (money_employee.id = contract.employee_rate_id))
        on (money_client.id = contract.price_id))
        on (invoiceext.contract_id = contract.id)
Group by
invoiceext.id,
invoiceext.contract_id,
client.first_name,
client.last_name,
consultancy.name,
employee.first_name,
employee.last_name,
contract.created_date,
contract.payment_type,
deal.status,
invoiceext.paymentid,
contract.contract_date,
invoiceext.period_from,
invoiceext.period_to,
money_client.amount,
 money_client.currency,
 money_employee.amount,
 money_employee.currency HAVING CONCAT(client.first_name, ' ', client.last_name ) = 'Marie Rogue' ORDER BY invoiceext.id
[DEBUG] 2018-10-31 19:03:18.698 (BaseWaitingWrapper.java:204) - Wait For By.xpath: //input[@placeholder='Поиск'] to be hidden
[INFO ] 2018-10-31 19:03:18.728 (BaseWaitingWrapper.java:263) - Find element By.xpath: //input[@placeholder='Поиск'] in state ToBeVisibile
[INFO ] 2018-10-31 19:03:18.728 (BasePOM.java:108) - Typing Marie Rogue into By.xpath: .//input[@placeholder='Поиск'] Overwrite:true wait after input mls: 1000
[DEBUG] 2018-10-31 19:03:18.729 (BaseWaitingWrapper.java:204) - Wait For By.xpath: .//input[@placeholder='Поиск'] to be hidden
[INFO ] 2018-10-31 19:03:18.751 (BaseWaitingWrapper.java:263) - Find element By.xpath: .//input[@placeholder='Поиск'] in state ToBeVisibile
[DEBUG] 2018-10-31 19:03:18.863 (BaseWaitingWrapper.java:157) - Going to sleep for :20
[DEBUG] 2018-10-31 19:03:18.883 (BaseWaitingWrapper.java:163) - wakeup from sleep for :20
[DEBUG] 2018-10-31 19:03:18.892 (BaseWaitingWrapper.java:47) - JQuery is Ready!
[DEBUG] 2018-10-31 19:03:18.900 (BaseWaitingWrapper.java:94) - JS is Ready!
[DEBUG] 2018-10-31 19:03:18.900 (BaseWaitingWrapper.java:157) - Going to sleep for :20
[DEBUG] 2018-10-31 19:03:18.920 (BaseWaitingWrapper.java:163) - wakeup from sleep for :20
[DEBUG] 2018-10-31 19:03:18.933 (BaseWaitingWrapper.java:145) - Angular is not defined on this site!
[DEBUG] 2018-10-31 19:03:18.933 (BaseWaitingWrapper.java:157) - Going to sleep for :1000
[DEBUG] 2018-10-31 19:03:19.934 (BaseWaitingWrapper.java:163) - wakeup from sleep for :1000
[DEBUG] 2018-10-31 19:03:19.934 (BaseWaitingWrapper.java:199) - Wait For By.xpath: //div[@class='fixed-table-loading'] to be hidden
[INFO ] 2018-10-31 19:03:19.962 (BaseWaitingWrapper.java:263) - Find element By.xpath: //div[@class='fixed-table-loading'] in state ToBeHidden
[INFO ] 2018-10-31 19:03:19.962 (BasePOM.java:141) - Wait For By.xpath: .//a[contains(text(),'Marie Rogue')]
[DEBUG] 2018-10-31 19:03:19.963 (BasePOM.java:83) - Wait For By.xpath: .//a[contains(text(),'Marie Rogue')]
[INFO ] 2018-10-31 19:03:20.561 (DealFromClientPageDbVsUI.java:32) - Get into a client page
[DEBUG] 2018-10-31 19:03:20.562 (BasePOM.java:83) - Wait For By.xpath: .//div[@class='display-grid']//table[@class='table table-hover']
[INFO ] 2018-10-31 19:03:20.590 (ClientProperties.java:223) - Reading table with Deals from page
[INFO ] 2018-10-31 19:03:20.590 (BasePOM.java:207) - Doing scroll to By.xpath: .//div[@class='display-grid']//table[@class='table table-hover']
[DEBUG] 2018-10-31 19:03:20.590 (BaseWaitingWrapper.java:204) - Wait For By.xpath: .//div[@class='display-grid']//table[@class='table table-hover'] to be hidden
[INFO ] 2018-10-31 19:03:20.609 (BaseWaitingWrapper.java:263) - Find element By.xpath: .//div[@class='display-grid']//table[@class='table table-hover'] in state ToBeVisibile
[DEBUG] 2018-10-31 19:03:21.467 (HtmlTable.java:95) - Read table By.xpath: .//div[@class='display-grid']//table[@class='table table-hover']
[INFO ] 2018-10-31 19:03:21.467 (ClientProperties.java:226) - Done Reading table with Deals from page
[DEBUG] 2018-10-31 19:03:21.467 (PrintOuts.java:41) - For key 1 result is Id
[DEBUG] 2018-10-31 19:03:21.467 (PrintOuts.java:41) - For key 2 result is Consultancy
[DEBUG] 2018-10-31 19:03:21.467 (PrintOuts.java:41) - For key 3 result is Deal status
[DEBUG] 2018-10-31 19:03:21.467 (PrintOuts.java:41) - For key 4 result is Open date
[DEBUG] 2018-10-31 19:03:21.467 (PrintOuts.java:41) - For key 5 result is Mentor
[DEBUG] 2018-10-31 19:03:21.467 (PrintOuts.java:41) - For key Consultancy result is 2
[DEBUG] 2018-10-31 19:03:21.468 (PrintOuts.java:41) - For key Mentor result is 5
[DEBUG] 2018-10-31 19:03:21.468 (PrintOuts.java:41) - For key Open date result is 4
[DEBUG] 2018-10-31 19:03:21.468 (PrintOuts.java:41) - For key Id result is 1
[DEBUG] 2018-10-31 19:03:21.468 (PrintOuts.java:41) - For key Deal status result is 3
[DEBUG] 2018-10-31 19:03:21.468 (PrintOuts.java:20) - 
1:11|2:Group Development|3:ACTIVE|4:23-окт-2018|5:Charles Xavier|
1:10|2:Mentoring|3:FROZEN|4:11-авг-2018|5:James Howlett|

[DEBUG] 2018-10-31 19:03:21.468 (PrintOuts.java:48) - Convert date from Open date: 23-окт-2018
[INFO ] 2018-10-31 19:03:21.472 (ConverDates.java:50) - Get localdate:23-окт-2018
[INFO ] 2018-10-31 19:03:21.480 (DataBase.java:74) - DB Connection close
[INFO ] 2018-10-31 19:03:21.480 (ScreenShots.java:22) - Resizing Page
[INFO ] 2018-10-31 19:03:22.837 (ScreenShots.java:35) - Making screenshot
[INFO ] 2018-10-31 19:03:23.118 (BaseTest.java:141) - Closing browser
[INFO ] 2018-10-31 19:03:42.515 (BaseTest.java:105) - --------------------Strarting Test------------
[INFO ] 2018-10-31 19:03:42.519 (BaseTest.java:112) - Starting browser
[INFO ] 2018-10-31 19:03:46.054 (LoginPage.java:102) - Found login form on the page, need to login
[INFO ] 2018-10-31 19:03:46.054 (LoginPage.java:72) - logining as admin
[INFO ] 2018-10-31 19:03:46.804 (LoginPage.java:64) - pressed Submit
[INFO ] 2018-10-31 19:03:46.820 (TestFilterClient.java:21) - Get into Testtests.contracts.TestFilterClient
[INFO ] 2018-10-31 19:03:46.820 (TestFilterClient.java:22) - Checking filter for ClientName field
[DEBUG] 2018-10-31 19:03:46.826 (DataBase.java:39) - PostgreSQL JDBC Driver successfully connected
[DEBUG] 2018-10-31 19:03:46.980 (DataBase.java:60) - You successfully connected to database now
[INFO ] 2018-10-31 19:03:46.983 (MainNavigation.java:56) - Clicking on to By.xpath: .//a[@href='/admin/contracts']
[INFO ] 2018-10-31 19:03:46.984 (MainNavigation.java:43) - Clicking on to By.xpath: .//span[contains(text(),'Договора')]
[DEBUG] 2018-10-31 19:03:47.049 (BaseWaitingWrapper.java:204) - Wait For By.xpath: .//a[@href='/admin/contracts'] to be hidden
[INFO ] 2018-10-31 19:03:47.082 (BaseWaitingWrapper.java:263) - Find element By.xpath: .//a[@href='/admin/contracts'] in state ToBeVisibile
[DEBUG] 2018-10-31 19:03:47.593 (BaseWaitingWrapper.java:204) - Wait For By.xpath: .//table[@class='table table-hover'] to be hidden
[INFO ] 2018-10-31 19:03:47.620 (BaseWaitingWrapper.java:263) - Find element By.xpath: .//table[@class='table table-hover'] in state ToBeVisibile
[DEBUG] 2018-10-31 19:03:47.620 (ContractsAllTestBase.java:131) - 
SQLquery:select 
        contract.id as "Contract",
        CONCAT(client.first_name, ' ', client.last_name ) as "ClientName",
        consultancy.name as "Consultancy", 
        CONCAT(employee.first_name, ' ', employee.last_name) as "Mentor",
        contract.contract_date as "ContractDate",
        contract.payment_type as "Type",
        deal.status as "Status"
From 
        consultancy inner join (client inner join (employee inner join (Contract inner join deal 
        on (contract.deal_id = deal.id))
        on (employee.id = contract.employee_id))
        on (client.id = deal.client_id))
        on (consultancy.id = deal.consultancy_id)
Group by
contract.id,
client.first_name,
client.last_name,
consultancy.name,
employee.first_name,
employee.last_name,
contract.created_date,
contract.payment_type,
deal.status
 Order By RANDOM()
 LIMIT 1

[DEBUG] 2018-10-31 19:03:47.669 (ContractsAllTestBase.java:131) - 
SQLquery:select 
        contract.id as "Contract",
        CONCAT(client.first_name, ' ', client.last_name ) as "ClientName",
        consultancy.name as "Consultancy", 
        CONCAT(employee.first_name, ' ', employee.last_name) as "Mentor",
        contract.contract_date as "ContractDate",
        contract.payment_type as "Type",
        deal.status as "Status"
From 
        consultancy inner join (client inner join (employee inner join (Contract inner join deal 
        on (contract.deal_id = deal.id))
        on (employee.id = contract.employee_id))
        on (client.id = deal.client_id))
        on (consultancy.id = deal.consultancy_id)
Group by
contract.id,
client.first_name,
client.last_name,
consultancy.name,
employee.first_name,
employee.last_name,
contract.created_date,
contract.payment_type,
deal.status
 HAVING CONCAT(client.first_name, ' ', client.last_name ) = 'John Allerdyce' ORDER BY contract.id
[DEBUG] 2018-10-31 19:03:47.698 (BaseWaitingWrapper.java:204) - Wait For By.xpath: //input[@placeholder='Поиск'] to be hidden
[INFO ] 2018-10-31 19:03:47.726 (BaseWaitingWrapper.java:263) - Find element By.xpath: //input[@placeholder='Поиск'] in state ToBeVisibile
[INFO ] 2018-10-31 19:03:47.727 (BasePOM.java:108) - Typing John Allerdyce into By.xpath: .//input[@placeholder='Поиск'] Overwrite:true wait after input mls: 1000
[DEBUG] 2018-10-31 19:03:47.727 (BaseWaitingWrapper.java:204) - Wait For By.xpath: .//input[@placeholder='Поиск'] to be hidden
[INFO ] 2018-10-31 19:03:47.751 (BaseWaitingWrapper.java:263) - Find element By.xpath: .//input[@placeholder='Поиск'] in state ToBeVisibile
[DEBUG] 2018-10-31 19:03:47.860 (BaseWaitingWrapper.java:157) - Going to sleep for :20
[DEBUG] 2018-10-31 19:03:47.880 (BaseWaitingWrapper.java:163) - wakeup from sleep for :20
[DEBUG] 2018-10-31 19:03:47.890 (BaseWaitingWrapper.java:47) - JQuery is Ready!
[DEBUG] 2018-10-31 19:03:47.899 (BaseWaitingWrapper.java:94) - JS is Ready!
[DEBUG] 2018-10-31 19:03:47.899 (BaseWaitingWrapper.java:157) - Going to sleep for :20
[DEBUG] 2018-10-31 19:03:47.920 (BaseWaitingWrapper.java:163) - wakeup from sleep for :20
[DEBUG] 2018-10-31 19:03:47.932 (BaseWaitingWrapper.java:145) - Angular is not defined on this site!
[DEBUG] 2018-10-31 19:03:47.932 (BaseWaitingWrapper.java:157) - Going to sleep for :1000
[DEBUG] 2018-10-31 19:03:48.932 (BaseWaitingWrapper.java:163) - wakeup from sleep for :1000
[DEBUG] 2018-10-31 19:03:48.932 (BaseWaitingWrapper.java:199) - Wait For By.xpath: //div[@class='fixed-table-loading'] to be hidden
[INFO ] 2018-10-31 19:03:48.959 (BaseWaitingWrapper.java:263) - Find element By.xpath: //div[@class='fixed-table-loading'] in state ToBeHidden
[DEBUG] 2018-10-31 19:03:48.959 (BaseWaitingWrapper.java:204) - Wait For By.xpath: //input[@placeholder='Поиск'] to be hidden
[INFO ] 2018-10-31 19:03:48.977 (BaseWaitingWrapper.java:263) - Find element By.xpath: //input[@placeholder='Поиск'] in state ToBeVisibile
[INFO ] 2018-10-31 19:03:48.977 (ContractsMain.java:26) - Reading table from page
[DEBUG] 2018-10-31 19:03:49.307 (HtmlTable.java:95) - Read table By.xpath: .//table[@class='table table-hover']
[DEBUG] 2018-10-31 19:03:49.307 (PrintOuts.java:41) - For key 1 result is Contract
[DEBUG] 2018-10-31 19:03:49.307 (PrintOuts.java:41) - For key 2 result is Client
[DEBUG] 2018-10-31 19:03:49.308 (PrintOuts.java:41) - For key 3 result is Consultancy
[DEBUG] 2018-10-31 19:03:49.308 (PrintOuts.java:41) - For key 4 result is Mentor
[DEBUG] 2018-10-31 19:03:49.308 (PrintOuts.java:41) - For key 5 result is Contract date
[DEBUG] 2018-10-31 19:03:49.308 (PrintOuts.java:41) - For key 6 result is Type
[DEBUG] 2018-10-31 19:03:49.308 (PrintOuts.java:41) - For key 7 result is Status
[DEBUG] 2018-10-31 19:03:49.308 (PrintOuts.java:41) - For key Status result is 7
[DEBUG] 2018-10-31 19:03:49.308 (PrintOuts.java:41) - For key Type result is 6
[DEBUG] 2018-10-31 19:03:49.308 (PrintOuts.java:41) - For key Consultancy result is 3
[DEBUG] 2018-10-31 19:03:49.308 (PrintOuts.java:41) - For key Mentor result is 4
[DEBUG] 2018-10-31 19:03:49.308 (PrintOuts.java:41) - For key Contract date result is 5
[DEBUG] 2018-10-31 19:03:49.308 (PrintOuts.java:41) - For key Client result is 2
[DEBUG] 2018-10-31 19:03:49.309 (PrintOuts.java:41) - For key Contract result is 1
[DEBUG] 2018-10-31 19:03:49.309 (PrintOuts.java:20) - 
1:10|2:John Allerdyce|3:Personal Mentor|4:James Howlett|5:11-окт-2018|6:PREPAY|7:FROZEN|

[DEBUG] 2018-10-31 19:03:49.309 (PrintOuts.java:48) - Enter rename from:Client to:ClientName
[DEBUG] 2018-10-31 19:03:49.309 (PrintOuts.java:48) - Enter rename from:Contract date to:ContractDate
[DEBUG] 2018-10-31 19:03:49.309 (PrintOuts.java:41) - For key 1 result is Contract
[DEBUG] 2018-10-31 19:03:49.309 (PrintOuts.java:41) - For key 2 result is ClientName
[DEBUG] 2018-10-31 19:03:49.309 (PrintOuts.java:41) - For key 3 result is Consultancy
[DEBUG] 2018-10-31 19:03:49.309 (PrintOuts.java:41) - For key 4 result is Mentor
[DEBUG] 2018-10-31 19:03:49.309 (PrintOuts.java:41) - For key 5 result is ContractDate
[DEBUG] 2018-10-31 19:03:49.309 (PrintOuts.java:41) - For key 6 result is Type
[DEBUG] 2018-10-31 19:03:49.310 (PrintOuts.java:41) - For key 7 result is Status
[DEBUG] 2018-10-31 19:03:49.310 (PrintOuts.java:41) - For key Status result is 7
[DEBUG] 2018-10-31 19:03:49.310 (PrintOuts.java:41) - For key Type result is 6
[DEBUG] 2018-10-31 19:03:49.310 (PrintOuts.java:41) - For key ClientName result is 2
[DEBUG] 2018-10-31 19:03:49.310 (PrintOuts.java:41) - For key Consultancy result is 3
[DEBUG] 2018-10-31 19:03:49.310 (PrintOuts.java:41) - For key Mentor result is 4
[DEBUG] 2018-10-31 19:03:49.310 (PrintOuts.java:41) - For key Contract result is 1
[DEBUG] 2018-10-31 19:03:49.310 (PrintOuts.java:41) - For key ContractDate result is 5
[DEBUG] 2018-10-31 19:03:49.310 (PrintOuts.java:20) - 
1:10|2:John Allerdyce|3:Personal Mentor|4:James Howlett|5:11-окт-2018|6:PREPAY|7:FROZEN|

[DEBUG] 2018-10-31 19:03:49.310 (PrintOuts.java:48) - Convert date from ContractDate: 11-окт-2018
[DEBUG] 2018-10-31 19:03:49.324 (ConverDates.java:90) - success: true. input: 11-окт-2018 → localDate: 2018-10-11 → formatted: 11-окт.-2018 → outputImproper: 11-окт-2018
[DEBUG] 2018-10-31 19:03:49.324 (ConverDates.java:99) - Send converted date 2018-10-11
[DEBUG] 2018-10-31 19:03:49.324 (PrintOuts.java:48) - Converted date:2018-10-11
[INFO ] 2018-10-31 19:03:49.324 (DataTable.java:26) - Checking tables for equality
[DEBUG] 2018-10-31 19:03:49.324 (PrintOuts.java:48) - key:Status value:FROZEN
[DEBUG] 2018-10-31 19:03:49.325 (PrintOuts.java:48) - Compare: FROZEN
[DEBUG] 2018-10-31 19:03:49.325 (PrintOuts.java:48) - key:ClientName value:John Allerdyce
[DEBUG] 2018-10-31 19:03:49.325 (PrintOuts.java:48) - Compare: John Allerdyce
[DEBUG] 2018-10-31 19:03:49.325 (PrintOuts.java:48) - key:Type value:PREPAY
[DEBUG] 2018-10-31 19:03:49.325 (PrintOuts.java:48) - Compare: PREPAY
[DEBUG] 2018-10-31 19:03:49.325 (PrintOuts.java:48) - key:Consultancy value:Personal Mentor
[DEBUG] 2018-10-31 19:03:49.325 (PrintOuts.java:48) - Compare: Personal Mentor
[DEBUG] 2018-10-31 19:03:49.325 (PrintOuts.java:48) - key:Mentor value:James Howlett
[DEBUG] 2018-10-31 19:03:49.325 (PrintOuts.java:48) - Compare: James Howlett
[DEBUG] 2018-10-31 19:03:49.325 (PrintOuts.java:48) - key:Contract value:10
[DEBUG] 2018-10-31 19:03:49.325 (PrintOuts.java:48) - Compare: 10
[DEBUG] 2018-10-31 19:03:49.325 (PrintOuts.java:48) - key:ContractDate value:2018-10-11
[DEBUG] 2018-10-31 19:03:49.326 (PrintOuts.java:48) - Compare: 2018-10-11
[INFO ] 2018-10-31 19:03:49.328 (AssertWrapper.java:15) - TEST SUCCESSFULLY COMPLETED
[INFO ] 2018-10-31 19:03:49.328 (DataBase.java:74) - DB Connection close
[INFO ] 2018-10-31 19:03:49.329 (ScreenShots.java:22) - Resizing Page
[INFO ] 2018-10-31 19:03:50.694 (ScreenShots.java:35) - Making screenshot
[INFO ] 2018-10-31 19:03:50.995 (BaseTest.java:141) - Closing browser
[INFO ] 2018-10-31 19:04:08.611 (BaseTest.java:105) - --------------------Strarting Test------------
[INFO ] 2018-10-31 19:04:08.615 (BaseTest.java:112) - Starting browser
[INFO ] 2018-10-31 19:04:12.367 (LoginPage.java:102) - Found login form on the page, need to login
[INFO ] 2018-10-31 19:04:12.367 (LoginPage.java:72) - logining as admin
[INFO ] 2018-10-31 19:04:13.463 (LoginPage.java:64) - pressed Submit
[DEBUG] 2018-10-31 19:04:13.485 (DataBase.java:39) - PostgreSQL JDBC Driver successfully connected
[DEBUG] 2018-10-31 19:04:13.659 (DataBase.java:60) - You successfully connected to database now
[INFO ] 2018-10-31 19:04:13.660 (BasePOM.java:191) - Doing click on By.xpath: .//span[contains(text(),'Счета')]
[DEBUG] 2018-10-31 19:04:13.664 (BaseWaitingWrapper.java:204) - Wait For By.xpath: .//span[contains(text(),'Счета')] to be hidden
[INFO ] 2018-10-31 19:04:13.695 (BaseWaitingWrapper.java:263) - Find element By.xpath: .//span[contains(text(),'Счета')] in state ToBeVisibile
[INFO ] 2018-10-31 19:04:13.752 (BasePOM.java:191) - Doing click on By.xpath: .//a[@href='/admin/invoices']
[DEBUG] 2018-10-31 19:04:13.752 (BaseWaitingWrapper.java:204) - Wait For By.xpath: .//a[@href='/admin/invoices'] to be hidden
[INFO ] 2018-10-31 19:04:13.781 (BaseWaitingWrapper.java:263) - Find element By.xpath: .//a[@href='/admin/invoices'] in state ToBeVisibile
[INFO ] 2018-10-31 19:04:14.511 (TestInvocesClientDataDbVsUI.java:31) - Get into Testtests.invoices.TestInvocesClientDataDbVsUI
[DEBUG] 2018-10-31 19:04:14.511 (InvoicesTestBase.java:151) - 
SQLquery:select 
        invoiceext.id as "Invoice Id",
        CONCAT(client.first_name, ' ', client.last_name ) as "ClientName",
        invoiceext.contract_id as "Contact ID",
        CONCAT(money_client.currency,' ',money_client.amount) as "Payment amount",
        invoiceext.period_to as "Payment date",
        invoiceext.period_from as "Payment date From",
        invoiceext.period_to as "Payment date To",
        invoiceext.PaymentID as "Payment status",
        contract.contract_date as "Contract Date",
        contract.payment_type as "Payment Type",
        money_client.amount as " Price",
        money_client.currency as " Price Currency",
        consultancy.name as "Consultancy", 
        CONCAT(employee.first_name, ' ', employee.last_name) as "Mentor",
        money_employee.amount "Employee Rate",
        money_employee.currency "Employee Currency",
        contract.created_date as "ContractDate",
        contract.payment_type as "Type",
        deal.status as "Status"
From    
        (select invoice.*, COALESCE(payment.id, 0) as "paymentid" FROM invoice left join  payment on  invoice.id=payment.invoice_id)
 as invoiceext
inner join (money as money_client inner join ( money as money_employee inner join (consultancy inner join (client inner join (employee inner join (Contract inner join deal 
        on (contract.deal_id = deal.id))
        on (employee.id = contract.employee_id))
        on (client.id = deal.client_id))
        on (consultancy.id = deal.consultancy_id))
        on (money_employee.id = contract.employee_rate_id))
        on (money_client.id = contract.price_id))
        on (invoiceext.contract_id = contract.id)
Group by
invoiceext.id,
invoiceext.contract_id,
client.first_name,
client.last_name,
consultancy.name,
employee.first_name,
employee.last_name,
contract.created_date,
contract.payment_type,
deal.status,
invoiceext.paymentid,
contract.contract_date,
invoiceext.period_from,
invoiceext.period_to,
money_client.amount,
 money_client.currency,
 money_employee.amount,
 money_employee.currency Order By RANDOM()
 LIMIT 1

[DEBUG] 2018-10-31 19:04:14.561 (InvoicesTestBase.java:151) - 
SQLquery:select 
        invoiceext.id as "Invoice Id",
        CONCAT(client.first_name, ' ', client.last_name ) as "ClientName",
        invoiceext.contract_id as "Contact ID",
        CONCAT(money_client.currency,' ',money_client.amount) as "Payment amount",
        invoiceext.period_to as "Payment date",
        invoiceext.period_from as "Payment date From",
        invoiceext.period_to as "Payment date To",
        invoiceext.PaymentID as "Payment status",
        contract.contract_date as "Contract Date",
        contract.payment_type as "Payment Type",
        money_client.amount as " Price",
        money_client.currency as " Price Currency",
        consultancy.name as "Consultancy", 
        CONCAT(employee.first_name, ' ', employee.last_name) as "Mentor",
        money_employee.amount "Employee Rate",
        money_employee.currency "Employee Currency",
        contract.created_date as "ContractDate",
        contract.payment_type as "Type",
        deal.status as "Status"
From    
        (select invoice.*, COALESCE(payment.id, 0) as "paymentid" FROM invoice left join  payment on  invoice.id=payment.invoice_id)
 as invoiceext
inner join (money as money_client inner join ( money as money_employee inner join (consultancy inner join (client inner join (employee inner join (Contract inner join deal 
        on (contract.deal_id = deal.id))
        on (employee.id = contract.employee_id))
        on (client.id = deal.client_id))
        on (consultancy.id = deal.consultancy_id))
        on (money_employee.id = contract.employee_rate_id))
        on (money_client.id = contract.price_id))
        on (invoiceext.contract_id = contract.id)
Group by
invoiceext.id,
invoiceext.contract_id,
client.first_name,
client.last_name,
consultancy.name,
employee.first_name,
employee.last_name,
contract.created_date,
contract.payment_type,
deal.status,
invoiceext.paymentid,
contract.contract_date,
invoiceext.period_from,
invoiceext.period_to,
money_client.amount,
 money_client.currency,
 money_employee.amount,
 money_employee.currency HAVING CONCAT(client.first_name, ' ', client.last_name ) = 'Raven Darkhölme' ORDER BY invoiceext.id
[DEBUG] 2018-10-31 19:04:14.595 (BaseWaitingWrapper.java:204) - Wait For By.xpath: //input[@placeholder='Поиск'] to be hidden
[INFO ] 2018-10-31 19:04:14.625 (BaseWaitingWrapper.java:263) - Find element By.xpath: //input[@placeholder='Поиск'] in state ToBeVisibile
[INFO ] 2018-10-31 19:04:14.625 (BasePOM.java:108) - Typing Raven Darkhölme into By.xpath: .//input[@placeholder='Поиск'] Overwrite:true wait after input mls: 1000
[DEBUG] 2018-10-31 19:04:14.625 (BaseWaitingWrapper.java:204) - Wait For By.xpath: .//input[@placeholder='Поиск'] to be hidden
[INFO ] 2018-10-31 19:04:14.648 (BaseWaitingWrapper.java:263) - Find element By.xpath: .//input[@placeholder='Поиск'] in state ToBeVisibile
[DEBUG] 2018-10-31 19:04:14.838 (BaseWaitingWrapper.java:157) - Going to sleep for :20
[DEBUG] 2018-10-31 19:04:14.858 (BaseWaitingWrapper.java:163) - wakeup from sleep for :20
[DEBUG] 2018-10-31 19:04:14.866 (BaseWaitingWrapper.java:47) - JQuery is Ready!
[DEBUG] 2018-10-31 19:04:14.875 (BaseWaitingWrapper.java:94) - JS is Ready!
[DEBUG] 2018-10-31 19:04:14.875 (BaseWaitingWrapper.java:157) - Going to sleep for :20
[DEBUG] 2018-10-31 19:04:14.896 (BaseWaitingWrapper.java:163) - wakeup from sleep for :20
[DEBUG] 2018-10-31 19:04:14.905 (BaseWaitingWrapper.java:145) - Angular is not defined on this site!
[DEBUG] 2018-10-31 19:04:14.905 (BaseWaitingWrapper.java:157) - Going to sleep for :1000
[DEBUG] 2018-10-31 19:04:15.906 (BaseWaitingWrapper.java:163) - wakeup from sleep for :1000
[DEBUG] 2018-10-31 19:04:15.906 (BaseWaitingWrapper.java:199) - Wait For By.xpath: //div[@class='fixed-table-loading'] to be hidden
[INFO ] 2018-10-31 19:04:15.936 (BaseWaitingWrapper.java:263) - Find element By.xpath: //div[@class='fixed-table-loading'] in state ToBeHidden
[DEBUG] 2018-10-31 19:04:15.936 (BaseWaitingWrapper.java:204) - Wait For By.xpath: //input[@placeholder='Поиск'] to be hidden
[INFO ] 2018-10-31 19:04:15.956 (BaseWaitingWrapper.java:263) - Find element By.xpath: //input[@placeholder='Поиск'] in state ToBeVisibile
[INFO ] 2018-10-31 19:04:15.957 (InvoicesMain.java:25) - Reading table from page
[DEBUG] 2018-10-31 19:04:16.592 (HtmlTable.java:95) - Read table By.xpath: .//table[@class='table table-hover']
[DEBUG] 2018-10-31 19:04:16.592 (PrintOuts.java:41) - For key 1 result is Id
[DEBUG] 2018-10-31 19:04:16.593 (PrintOuts.java:41) - For key 2 result is Client
[DEBUG] 2018-10-31 19:04:16.593 (PrintOuts.java:41) - For key 3 result is Contact ID
[DEBUG] 2018-10-31 19:04:16.593 (PrintOuts.java:41) - For key 4 result is Payment amount
[DEBUG] 2018-10-31 19:04:16.593 (PrintOuts.java:41) - For key 5 result is Payment date
[DEBUG] 2018-10-31 19:04:16.593 (PrintOuts.java:41) - For key 6 result is Payment status
[DEBUG] 2018-10-31 19:04:16.594 (PrintOuts.java:41) - For key Payment amount result is 4
[DEBUG] 2018-10-31 19:04:16.594 (PrintOuts.java:41) - For key Payment date result is 5
[DEBUG] 2018-10-31 19:04:16.594 (PrintOuts.java:41) - For key Payment status result is 6
[DEBUG] 2018-10-31 19:04:16.594 (PrintOuts.java:41) - For key Id result is 1
[DEBUG] 2018-10-31 19:04:16.594 (PrintOuts.java:41) - For key Client result is 2
[DEBUG] 2018-10-31 19:04:16.594 (PrintOuts.java:41) - For key Contact ID result is 3
[DEBUG] 2018-10-31 19:04:16.594 (PrintOuts.java:20) - 
1:1|2:Raven Darkhölme|3:2|4:UAH 6000|5:2018-07-30|6:YES|
1:2|2:Raven Darkhölme|3:2|4:UAH 6000|5:2018-08-30|6:YES|
1:3|2:Raven Darkhölme|3:2|4:UAH 6000|5:2018-09-29|6:YES|
1:4|2:Raven Darkhölme|3:2|4:UAH 6000|5:2018-10-30|6:NO|

[DEBUG] 2018-10-31 19:04:16.594 (PrintOuts.java:48) - Enter rename from:Client to:ClientName
[DEBUG] 2018-10-31 19:04:16.594 (PrintOuts.java:48) - Enter rename from:Id to:Invoice Id
[DEBUG] 2018-10-31 19:04:16.594 (PrintOuts.java:48) - Enter convertInt2Bool: 
[DEBUG] 2018-10-31 19:04:16.595 (PrintOuts.java:48) - Convert Int from Payment status: 1
[DEBUG] 2018-10-31 19:04:16.595 (PrintOuts.java:48) - Converted Bool:YES
[DEBUG] 2018-10-31 19:04:16.595 (PrintOuts.java:48) - Convert Int from Payment status: 2
[DEBUG] 2018-10-31 19:04:16.595 (PrintOuts.java:48) - Converted Bool:YES
[DEBUG] 2018-10-31 19:04:16.595 (PrintOuts.java:48) - Convert Int from Payment status: 3
[DEBUG] 2018-10-31 19:04:16.595 (PrintOuts.java:48) - Converted Bool:YES
[DEBUG] 2018-10-31 19:04:16.595 (PrintOuts.java:48) - Convert Int from Payment status: 0
[DEBUG] 2018-10-31 19:04:16.595 (PrintOuts.java:48) - Converted Bool:NO
[DEBUG] 2018-10-31 19:04:16.595 (PrintOuts.java:20) - 
Employee Currency:UAH|Status:ACTIVE|Employee Rate:3000|Payment amount:UAH 6000|Payment date:2018-07-30|Payment status:YES|Mentor:Charles Xavier|Invoice Id:1|ContractDate:2017-07-11 00:00:00|Payment date From:2018-06-30|Payment date To:2018-07-30|ClientName:Raven Darkhölme|Payment Type:POSTPAY|Type:POSTPAY| Price Currency:UAH|Consultancy:Personal Mentor|Contract Date:2018-06-30|Contact ID:2| Price:6000|
Employee Currency:UAH|Status:ACTIVE|Employee Rate:3000|Payment amount:UAH 6000|Payment date:2018-08-30|Payment status:YES|Mentor:Charles Xavier|Invoice Id:2|ContractDate:2017-07-11 00:00:00|Payment date From:2018-07-31|Payment date To:2018-08-30|ClientName:Raven Darkhölme|Payment Type:POSTPAY|Type:POSTPAY| Price Currency:UAH|Consultancy:Personal Mentor|Contract Date:2018-06-30|Contact ID:2| Price:6000|
Employee Currency:UAH|Status:ACTIVE|Employee Rate:3000|Payment amount:UAH 6000|Payment date:2018-09-29|Payment status:YES|Mentor:Charles Xavier|Invoice Id:3|ContractDate:2017-07-11 00:00:00|Payment date From:2018-08-31|Payment date To:2018-09-29|ClientName:Raven Darkhölme|Payment Type:POSTPAY|Type:POSTPAY| Price Currency:UAH|Consultancy:Personal Mentor|Contract Date:2018-06-30|Contact ID:2| Price:6000|
Employee Currency:UAH|Status:ACTIVE|Employee Rate:3000|Payment amount:UAH 6000|Payment date:2018-10-30|Payment status:NO|Mentor:Charles Xavier|Invoice Id:4|ContractDate:2017-07-11 00:00:00|Payment date From:2018-09-30|Payment date To:2018-10-30|ClientName:Raven Darkhölme|Payment Type:POSTPAY|Type:POSTPAY| Price Currency:UAH|Consultancy:Personal Mentor|Contract Date:2018-06-30|Contact ID:2| Price:6000|

[INFO ] 2018-10-31 19:04:16.595 (DataTable.java:26) - Checking tables for equality
[DEBUG] 2018-10-31 19:04:16.596 (PrintOuts.java:48) - key:Payment amount value:UAH 6000
[DEBUG] 2018-10-31 19:04:16.596 (PrintOuts.java:48) - Compare: UAH 6000
[DEBUG] 2018-10-31 19:04:16.596 (PrintOuts.java:48) - key:Payment date value:2018-07-30
[DEBUG] 2018-10-31 19:04:16.596 (PrintOuts.java:48) - Compare: 2018-07-30
[DEBUG] 2018-10-31 19:04:16.596 (PrintOuts.java:48) - key:Payment status value:YES
[DEBUG] 2018-10-31 19:04:16.596 (PrintOuts.java:48) - Compare: YES
[DEBUG] 2018-10-31 19:04:16.596 (PrintOuts.java:48) - key:Invoice Id value:1
[DEBUG] 2018-10-31 19:04:16.596 (PrintOuts.java:48) - Compare: 1
[DEBUG] 2018-10-31 19:04:16.596 (PrintOuts.java:48) - key:ClientName value:Raven Darkhölme
[DEBUG] 2018-10-31 19:04:16.596 (PrintOuts.java:48) - Compare: Raven Darkhölme
[DEBUG] 2018-10-31 19:04:16.596 (PrintOuts.java:48) - key:Contact ID value:2
[DEBUG] 2018-10-31 19:04:16.596 (PrintOuts.java:48) - Compare: 2
[DEBUG] 2018-10-31 19:04:16.596 (PrintOuts.java:48) - key:Payment amount value:UAH 6000
[DEBUG] 2018-10-31 19:04:16.597 (PrintOuts.java:48) - Compare: UAH 6000
[DEBUG] 2018-10-31 19:04:16.597 (PrintOuts.java:48) - key:Payment date value:2018-08-30
[DEBUG] 2018-10-31 19:04:16.597 (PrintOuts.java:48) - Compare: 2018-08-30
[DEBUG] 2018-10-31 19:04:16.597 (PrintOuts.java:48) - key:Payment status value:YES
[DEBUG] 2018-10-31 19:04:16.597 (PrintOuts.java:48) - Compare: YES
[DEBUG] 2018-10-31 19:04:16.597 (PrintOuts.java:48) - key:Invoice Id value:2
[DEBUG] 2018-10-31 19:04:16.597 (PrintOuts.java:48) - Compare: 2
[DEBUG] 2018-10-31 19:04:16.597 (PrintOuts.java:48) - key:ClientName value:Raven Darkhölme
[DEBUG] 2018-10-31 19:04:16.597 (PrintOuts.java:48) - Compare: Raven Darkhölme
[DEBUG] 2018-10-31 19:04:16.597 (PrintOuts.java:48) - key:Contact ID value:2
[DEBUG] 2018-10-31 19:04:16.597 (PrintOuts.java:48) - Compare: 2
[DEBUG] 2018-10-31 19:04:16.597 (PrintOuts.java:48) - key:Payment amount value:UAH 6000
[DEBUG] 2018-10-31 19:04:16.598 (PrintOuts.java:48) - Compare: UAH 6000
[DEBUG] 2018-10-31 19:04:16.598 (PrintOuts.java:48) - key:Payment date value:2018-09-29
[DEBUG] 2018-10-31 19:04:16.598 (PrintOuts.java:48) - Compare: 2018-09-29
[DEBUG] 2018-10-31 19:04:16.598 (PrintOuts.java:48) - key:Payment status value:YES
[DEBUG] 2018-10-31 19:04:16.598 (PrintOuts.java:48) - Compare: YES
[DEBUG] 2018-10-31 19:04:16.598 (PrintOuts.java:48) - key:Invoice Id value:3
[DEBUG] 2018-10-31 19:04:16.598 (PrintOuts.java:48) - Compare: 3
[DEBUG] 2018-10-31 19:04:16.598 (PrintOuts.java:48) - key:ClientName value:Raven Darkhölme
[DEBUG] 2018-10-31 19:04:16.598 (PrintOuts.java:48) - Compare: Raven Darkhölme
[DEBUG] 2018-10-31 19:04:16.598 (PrintOuts.java:48) - key:Contact ID value:2
[DEBUG] 2018-10-31 19:04:16.598 (PrintOuts.java:48) - Compare: 2
[DEBUG] 2018-10-31 19:04:16.598 (PrintOuts.java:48) - key:Payment amount value:UAH 6000
[DEBUG] 2018-10-31 19:04:16.599 (PrintOuts.java:48) - Compare: UAH 6000
[DEBUG] 2018-10-31 19:04:16.599 (PrintOuts.java:48) - key:Payment date value:2018-10-30
[DEBUG] 2018-10-31 19:04:16.599 (PrintOuts.java:48) - Compare: 2018-10-30
[DEBUG] 2018-10-31 19:04:16.599 (PrintOuts.java:48) - key:Payment status value:NO
[DEBUG] 2018-10-31 19:04:16.599 (PrintOuts.java:48) - Compare: NO
[DEBUG] 2018-10-31 19:04:16.599 (PrintOuts.java:48) - key:Invoice Id value:4
[DEBUG] 2018-10-31 19:04:16.599 (PrintOuts.java:48) - Compare: 4
[DEBUG] 2018-10-31 19:04:16.599 (PrintOuts.java:48) - key:ClientName value:Raven Darkhölme
[DEBUG] 2018-10-31 19:04:16.599 (PrintOuts.java:48) - Compare: Raven Darkhölme
[DEBUG] 2018-10-31 19:04:16.599 (PrintOuts.java:48) - key:Contact ID value:2
[DEBUG] 2018-10-31 19:04:16.599 (PrintOuts.java:48) - Compare: 2
[INFO ] 2018-10-31 19:04:16.600 (AssertWrapper.java:15) - TEST SUCCESSFULLY COMPLETED
[INFO ] 2018-10-31 19:04:16.600 (DataBase.java:74) - DB Connection close
[INFO ] 2018-10-31 19:04:16.601 (ScreenShots.java:22) - Resizing Page
[INFO ] 2018-10-31 19:04:17.961 (ScreenShots.java:35) - Making screenshot
[INFO ] 2018-10-31 19:04:18.236 (BaseTest.java:141) - Closing browser
[INFO ] 2018-10-31 19:04:19.334 (BaseTest.java:105) - --------------------Strarting Test------------
[INFO ] 2018-10-31 19:04:19.334 (BaseTest.java:112) - Starting browser
[INFO ] 2018-10-31 19:04:22.534 (LoginPage.java:102) - Found login form on the page, need to login
[INFO ] 2018-10-31 19:04:22.534 (LoginPage.java:72) - logining as admin
[INFO ] 2018-10-31 19:04:23.368 (LoginPage.java:64) - pressed Submit
[DEBUG] 2018-10-31 19:04:23.383 (DataBase.java:39) - PostgreSQL JDBC Driver successfully connected
[DEBUG] 2018-10-31 19:04:23.496 (DataBase.java:60) - You successfully connected to database now
[INFO ] 2018-10-31 19:04:23.497 (DealFromClientPageDbVsUI.java:22) - Get into Testtests.deals.DealFromClientPageDbVsUI
[INFO ] 2018-10-31 19:04:23.498 (DealFromClientPageDbVsUI.java:23) - Going through invoces
[DEBUG] 2018-10-31 19:04:23.501 (DataBase.java:39) - PostgreSQL JDBC Driver successfully connected
[DEBUG] 2018-10-31 19:04:23.614 (DataBase.java:60) - You successfully connected to database now
[INFO ] 2018-10-31 19:04:23.615 (BasePOM.java:191) - Doing click on By.xpath: .//span[contains(text(),'Счета')]
[DEBUG] 2018-10-31 19:04:23.615 (BaseWaitingWrapper.java:204) - Wait For By.xpath: .//span[contains(text(),'Счета')] to be hidden
[INFO ] 2018-10-31 19:04:23.643 (BaseWaitingWrapper.java:263) - Find element By.xpath: .//span[contains(text(),'Счета')] in state ToBeVisibile
[INFO ] 2018-10-31 19:04:23.698 (BasePOM.java:191) - Doing click on By.xpath: .//a[@href='/admin/invoices']
[DEBUG] 2018-10-31 19:04:23.698 (BaseWaitingWrapper.java:204) - Wait For By.xpath: .//a[@href='/admin/invoices'] to be hidden
[INFO ] 2018-10-31 19:04:23.726 (BaseWaitingWrapper.java:263) - Find element By.xpath: .//a[@href='/admin/invoices'] in state ToBeVisibile
[DEBUG] 2018-10-31 19:04:24.290 (InvoicesTestBase.java:151) - 
SQLquery:select 
        invoiceext.id as "Invoice Id",
        CONCAT(client.first_name, ' ', client.last_name ) as "ClientName",
        invoiceext.contract_id as "Contact ID",
        CONCAT(money_client.currency,' ',money_client.amount) as "Payment amount",
        invoiceext.period_to as "Payment date",
        invoiceext.period_from as "Payment date From",
        invoiceext.period_to as "Payment date To",
        invoiceext.PaymentID as "Payment status",
        contract.contract_date as "Contract Date",
        contract.payment_type as "Payment Type",
        money_client.amount as " Price",
        money_client.currency as " Price Currency",
        consultancy.name as "Consultancy", 
        CONCAT(employee.first_name, ' ', employee.last_name) as "Mentor",
        money_employee.amount "Employee Rate",
        money_employee.currency "Employee Currency",
        contract.created_date as "ContractDate",
        contract.payment_type as "Type",
        deal.status as "Status"
From    
        (select invoice.*, COALESCE(payment.id, 0) as "paymentid" FROM invoice left join  payment on  invoice.id=payment.invoice_id)
 as invoiceext
inner join (money as money_client inner join ( money as money_employee inner join (consultancy inner join (client inner join (employee inner join (Contract inner join deal 
        on (contract.deal_id = deal.id))
        on (employee.id = contract.employee_id))
        on (client.id = deal.client_id))
        on (consultancy.id = deal.consultancy_id))
        on (money_employee.id = contract.employee_rate_id))
        on (money_client.id = contract.price_id))
        on (invoiceext.contract_id = contract.id)
Group by
invoiceext.id,
invoiceext.contract_id,
client.first_name,
client.last_name,
consultancy.name,
employee.first_name,
employee.last_name,
contract.created_date,
contract.payment_type,
deal.status,
invoiceext.paymentid,
contract.contract_date,
invoiceext.period_from,
invoiceext.period_to,
money_client.amount,
 money_client.currency,
 money_employee.amount,
 money_employee.currency Order By RANDOM()
 LIMIT 1

[DEBUG] 2018-10-31 19:04:24.330 (InvoicesTestBase.java:151) - 
SQLquery:select 
        invoiceext.id as "Invoice Id",
        CONCAT(client.first_name, ' ', client.last_name ) as "ClientName",
        invoiceext.contract_id as "Contact ID",
        CONCAT(money_client.currency,' ',money_client.amount) as "Payment amount",
        invoiceext.period_to as "Payment date",
        invoiceext.period_from as "Payment date From",
        invoiceext.period_to as "Payment date To",
        invoiceext.PaymentID as "Payment status",
        contract.contract_date as "Contract Date",
        contract.payment_type as "Payment Type",
        money_client.amount as " Price",
        money_client.currency as " Price Currency",
        consultancy.name as "Consultancy", 
        CONCAT(employee.first_name, ' ', employee.last_name) as "Mentor",
        money_employee.amount "Employee Rate",
        money_employee.currency "Employee Currency",
        contract.created_date as "ContractDate",
        contract.payment_type as "Type",
        deal.status as "Status"
From    
        (select invoice.*, COALESCE(payment.id, 0) as "paymentid" FROM invoice left join  payment on  invoice.id=payment.invoice_id)
 as invoiceext
inner join (money as money_client inner join ( money as money_employee inner join (consultancy inner join (client inner join (employee inner join (Contract inner join deal 
        on (contract.deal_id = deal.id))
        on (employee.id = contract.employee_id))
        on (client.id = deal.client_id))
        on (consultancy.id = deal.consultancy_id))
        on (money_employee.id = contract.employee_rate_id))
        on (money_client.id = contract.price_id))
        on (invoiceext.contract_id = contract.id)
Group by
invoiceext.id,
invoiceext.contract_id,
client.first_name,
client.last_name,
consultancy.name,
employee.first_name,
employee.last_name,
contract.created_date,
contract.payment_type,
deal.status,
invoiceext.paymentid,
contract.contract_date,
invoiceext.period_from,
invoiceext.period_to,
money_client.amount,
 money_client.currency,
 money_employee.amount,
 money_employee.currency HAVING CONCAT(client.first_name, ' ', client.last_name ) = 'Marie Rogue' ORDER BY invoiceext.id
[DEBUG] 2018-10-31 19:04:24.361 (BaseWaitingWrapper.java:204) - Wait For By.xpath: //input[@placeholder='Поиск'] to be hidden
[INFO ] 2018-10-31 19:04:24.389 (BaseWaitingWrapper.java:263) - Find element By.xpath: //input[@placeholder='Поиск'] in state ToBeVisibile
[INFO ] 2018-10-31 19:04:24.390 (BasePOM.java:108) - Typing Marie Rogue into By.xpath: .//input[@placeholder='Поиск'] Overwrite:true wait after input mls: 1000
[DEBUG] 2018-10-31 19:04:24.390 (BaseWaitingWrapper.java:204) - Wait For By.xpath: .//input[@placeholder='Поиск'] to be hidden
[INFO ] 2018-10-31 19:04:24.413 (BaseWaitingWrapper.java:263) - Find element By.xpath: .//input[@placeholder='Поиск'] in state ToBeVisibile
[DEBUG] 2018-10-31 19:04:24.511 (BaseWaitingWrapper.java:157) - Going to sleep for :20
[DEBUG] 2018-10-31 19:04:24.531 (BaseWaitingWrapper.java:163) - wakeup from sleep for :20
[DEBUG] 2018-10-31 19:04:24.538 (BaseWaitingWrapper.java:47) - JQuery is Ready!
[DEBUG] 2018-10-31 19:04:24.547 (BaseWaitingWrapper.java:94) - JS is Ready!
[DEBUG] 2018-10-31 19:04:24.547 (BaseWaitingWrapper.java:157) - Going to sleep for :20
[DEBUG] 2018-10-31 19:04:24.567 (BaseWaitingWrapper.java:163) - wakeup from sleep for :20
[DEBUG] 2018-10-31 19:04:24.575 (BaseWaitingWrapper.java:145) - Angular is not defined on this site!
[DEBUG] 2018-10-31 19:04:24.575 (BaseWaitingWrapper.java:157) - Going to sleep for :1000
[DEBUG] 2018-10-31 19:04:25.575 (BaseWaitingWrapper.java:163) - wakeup from sleep for :1000
[DEBUG] 2018-10-31 19:04:25.575 (BaseWaitingWrapper.java:199) - Wait For By.xpath: //div[@class='fixed-table-loading'] to be hidden
[INFO ] 2018-10-31 19:04:25.605 (BaseWaitingWrapper.java:263) - Find element By.xpath: //div[@class='fixed-table-loading'] in state ToBeHidden
[INFO ] 2018-10-31 19:04:25.605 (BasePOM.java:141) - Wait For By.xpath: .//a[contains(text(),'Marie Rogue')]
[DEBUG] 2018-10-31 19:04:25.605 (BasePOM.java:83) - Wait For By.xpath: .//a[contains(text(),'Marie Rogue')]
[INFO ] 2018-10-31 19:04:26.126 (DealFromClientPageDbVsUI.java:32) - Get into a client page
[DEBUG] 2018-10-31 19:04:26.127 (BasePOM.java:83) - Wait For By.xpath: .//div[@class='display-grid']//table[@class='table table-hover']
[INFO ] 2018-10-31 19:04:26.156 (ClientProperties.java:223) - Reading table with Deals from page
[INFO ] 2018-10-31 19:04:26.156 (BasePOM.java:207) - Doing scroll to By.xpath: .//div[@class='display-grid']//table[@class='table table-hover']
[DEBUG] 2018-10-31 19:04:26.156 (BaseWaitingWrapper.java:204) - Wait For By.xpath: .//div[@class='display-grid']//table[@class='table table-hover'] to be hidden
[INFO ] 2018-10-31 19:04:26.178 (BaseWaitingWrapper.java:263) - Find element By.xpath: .//div[@class='display-grid']//table[@class='table table-hover'] in state ToBeVisibile
[DEBUG] 2018-10-31 19:04:27.050 (HtmlTable.java:95) - Read table By.xpath: .//div[@class='display-grid']//table[@class='table table-hover']
[INFO ] 2018-10-31 19:04:27.050 (ClientProperties.java:226) - Done Reading table with Deals from page
[DEBUG] 2018-10-31 19:04:27.050 (PrintOuts.java:41) - For key 1 result is Id
[DEBUG] 2018-10-31 19:04:27.050 (PrintOuts.java:41) - For key 2 result is Consultancy
[DEBUG] 2018-10-31 19:04:27.050 (PrintOuts.java:41) - For key 3 result is Deal status
[DEBUG] 2018-10-31 19:04:27.050 (PrintOuts.java:41) - For key 4 result is Open date
[DEBUG] 2018-10-31 19:04:27.050 (PrintOuts.java:41) - For key 5 result is Mentor
[DEBUG] 2018-10-31 19:04:27.051 (PrintOuts.java:41) - For key Consultancy result is 2
[DEBUG] 2018-10-31 19:04:27.051 (PrintOuts.java:41) - For key Mentor result is 5
[DEBUG] 2018-10-31 19:04:27.051 (PrintOuts.java:41) - For key Open date result is 4
[DEBUG] 2018-10-31 19:04:27.051 (PrintOuts.java:41) - For key Id result is 1
[DEBUG] 2018-10-31 19:04:27.051 (PrintOuts.java:41) - For key Deal status result is 3
[DEBUG] 2018-10-31 19:04:27.051 (PrintOuts.java:20) - 
1:11|2:Group Development|3:ACTIVE|4:23-окт-2018|5:Charles Xavier|
1:10|2:Mentoring|3:FROZEN|4:11-авг-2018|5:James Howlett|

[DEBUG] 2018-10-31 19:04:27.051 (PrintOuts.java:48) - Convert date from Open date: 23-окт-2018
[INFO ] 2018-10-31 19:04:27.052 (ConverDates.java:50) - Get localdate:23-окт-2018
[INFO ] 2018-10-31 19:04:27.060 (DataBase.java:74) - DB Connection close
[INFO ] 2018-10-31 19:04:27.061 (ScreenShots.java:22) - Resizing Page
[INFO ] 2018-10-31 19:04:28.417 (ScreenShots.java:35) - Making screenshot
[INFO ] 2018-10-31 19:04:28.687 (BaseTest.java:141) - Closing browser
[INFO ] 2018-10-31 19:04:55.482 (BaseTest.java:105) - --------------------Strarting Test------------
[INFO ] 2018-10-31 19:04:55.485 (BaseTest.java:112) - Starting browser
[INFO ] 2018-10-31 19:04:59.235 (LoginPage.java:102) - Found login form on the page, need to login
[INFO ] 2018-10-31 19:04:59.236 (LoginPage.java:72) - logining as admin
[INFO ] 2018-10-31 19:05:00.022 (LoginPage.java:64) - pressed Submit
[INFO ] 2018-10-31 19:05:00.037 (ClientUpdateTest.java:51) - Get into Testtests.ClientUpdateTest
[INFO ] 2018-10-31 19:05:00.044 (BasePOM.java:191) - Doing click on By.xpath: .//a[@href='/admin/clients']
[DEBUG] 2018-10-31 19:05:00.046 (BaseWaitingWrapper.java:204) - Wait For By.xpath: .//a[@href='/admin/clients'] to be hidden
[INFO ] 2018-10-31 19:05:00.082 (BaseWaitingWrapper.java:263) - Find element By.xpath: .//a[@href='/admin/clients'] in state ToBeVisibile
[DEBUG] 2018-10-31 19:05:00.519 (BaseWaitingWrapper.java:204) - Wait For By.xpath: .//button[contains(text(),'Create Client')] to be hidden
[INFO ] 2018-10-31 19:05:00.551 (BaseWaitingWrapper.java:263) - Find element By.xpath: .//button[contains(text(),'Create Client')] in state ToBeVisibile
[DEBUG] 2018-10-31 19:05:00.551 (BaseWaitingWrapper.java:204) - Wait For By.xpath: .//button[contains(text(),'Create Client')] to be hidden
[INFO ] 2018-10-31 19:05:00.570 (BaseWaitingWrapper.java:263) - Find element By.xpath: .//button[contains(text(),'Create Client')] in state ToBeVisibile
[INFO ] 2018-10-31 19:05:00.570 (BasePOM.java:108) - Typing Jonhq01324410537 Smithq09375771099 into By.xpath: .//input[@placeholder='Поиск'] Overwrite:true wait after input mls: 0
[DEBUG] 2018-10-31 19:05:00.571 (BaseWaitingWrapper.java:204) - Wait For By.xpath: .//input[@placeholder='Поиск'] to be hidden
[INFO ] 2018-10-31 19:05:00.601 (BaseWaitingWrapper.java:263) - Find element By.xpath: .//input[@placeholder='Поиск'] in state ToBeVisibile
[DEBUG] 2018-10-31 19:05:00.757 (BaseWaitingWrapper.java:157) - Going to sleep for :20
[DEBUG] 2018-10-31 19:05:00.777 (BaseWaitingWrapper.java:163) - wakeup from sleep for :20
[DEBUG] 2018-10-31 19:05:00.785 (BaseWaitingWrapper.java:47) - JQuery is Ready!
[DEBUG] 2018-10-31 19:05:00.794 (BaseWaitingWrapper.java:94) - JS is Ready!
[DEBUG] 2018-10-31 19:05:00.795 (BaseWaitingWrapper.java:157) - Going to sleep for :20
[DEBUG] 2018-10-31 19:05:00.815 (BaseWaitingWrapper.java:163) - wakeup from sleep for :20
[DEBUG] 2018-10-31 19:05:00.823 (BaseWaitingWrapper.java:145) - Angular is not defined on this site!
[DEBUG] 2018-10-31 19:05:00.823 (BaseWaitingWrapper.java:199) - Wait For By.xpath: //div[@class='fixed-table-loading'] to be hidden
[INFO ] 2018-10-31 19:05:00.850 (BaseWaitingWrapper.java:263) - Find element By.xpath: //div[@class='fixed-table-loading'] in state ToBeHidden
[INFO ] 2018-10-31 19:05:00.850 (BasePOM.java:141) - Wait For By.xpath: .//a[contains(text(),'Jonhq01324410537 Smithq09375771099')]
[DEBUG] 2018-10-31 19:05:00.850 (BasePOM.java:83) - Wait For By.xpath: .//a[contains(text(),'Jonhq01324410537 Smithq09375771099')]
[ERROR] 2018-10-31 19:05:12.472 (ClientUpdateTest.java:111) - in tests.ClientUpdateTest caught:
org.openqa.selenium.WebDriverException: chrome not reachable
  (Session info: chrome=70.0.3538.77)
  (Driver info: chromedriver=2.37.544315 (730aa6a5fdba159ac9f4c1e8cbc59bf1b5ce12b7),platform=Windows NT 10.0.16299 x86_64) (WARNING: The server did not provide any stacktrace information)
Command duration or timeout: 0 milliseconds
Build info: version: '3.11.0', revision: 'e59cfb3', time: '2018-03-11T20:26:55.152Z'
System info: host: 'NEW-PC', ip: '192.168.1.56', os.name: 'Windows 10', os.arch: 'amd64', os.version: '10.0', java.version: '9.0.4'
Driver info: org.openqa.selenium.chrome.ChromeDriver
Capabilities {acceptInsecureCerts: false, acceptSslCerts: false, applicationCacheEnabled: false, browserConnectionEnabled: false, browserName: chrome, chrome: {chromedriverVersion: 2.37.544315 (730aa6a5fdba15..., userDataDir: C:\Users\pirog\AppData\Loca...}, cssSelectorsEnabled: true, databaseEnabled: false, handlesAlerts: true, hasTouchScreen: false, javascriptEnabled: true, locationContextEnabled: true, mobileEmulationEnabled: false, nativeEvents: true, networkConnectionEnabled: false, pageLoadStrategy: normal, platform: XP, platformName: XP, rotatable: false, setWindowRect: true, takesHeapSnapshot: true, takesScreenshot: true, unexpectedAlertBehaviour: , unhandledPromptBehavior: , version: 70.0.3538.77, webStorageEnabled: true}
Session ID: 8e46dfd1b7b34a40f70ea8cb9eacb071
*** Element info: {Using=xpath, value=.//a[contains(text(),'Jonhq01324410537 Smithq09375771099')]}
[INFO ] 2018-10-31 19:05:12.474 (ScreenShots.java:22) - Resizing Page
[INFO ] 2018-10-31 19:05:31.841 (BaseTest.java:105) - --------------------Strarting Test------------
[INFO ] 2018-10-31 19:05:31.845 (BaseTest.java:112) - Starting browser
[INFO ] 2018-10-31 19:05:35.580 (LoginPage.java:102) - Found login form on the page, need to login
[INFO ] 2018-10-31 19:05:35.581 (LoginPage.java:72) - logining as admin
[INFO ] 2018-10-31 19:05:36.372 (LoginPage.java:64) - pressed Submit
[INFO ] 2018-10-31 19:05:36.392 (ClientCreateTest.java:52) - Get into Testtests.ClientCreateTest
[INFO ] 2018-10-31 19:05:36.396 (BasePOM.java:191) - Doing click on By.xpath: .//a[@href='/admin/clients']
[DEBUG] 2018-10-31 19:05:36.397 (BaseWaitingWrapper.java:204) - Wait For By.xpath: .//a[@href='/admin/clients'] to be hidden
[INFO ] 2018-10-31 19:05:36.430 (BaseWaitingWrapper.java:263) - Find element By.xpath: .//a[@href='/admin/clients'] in state ToBeVisibile
[DEBUG] 2018-10-31 19:05:36.866 (BaseWaitingWrapper.java:204) - Wait For By.xpath: .//button[contains(text(),'Create Client')] to be hidden
[INFO ] 2018-10-31 19:05:36.894 (BaseWaitingWrapper.java:263) - Find element By.xpath: .//button[contains(text(),'Create Client')] in state ToBeVisibile
[INFO ] 2018-10-31 19:05:36.894 (BasePOM.java:191) - Doing click on By.xpath: .//button[contains(text(),'Create Client')]
[DEBUG] 2018-10-31 19:05:36.894 (BaseWaitingWrapper.java:204) - Wait For By.xpath: .//button[contains(text(),'Create Client')] to be hidden
[INFO ] 2018-10-31 19:05:36.914 (BaseWaitingWrapper.java:263) - Find element By.xpath: .//button[contains(text(),'Create Client')] in state ToBeVisibile
[DEBUG] 2018-10-31 19:05:36.976 (BaseWaitingWrapper.java:204) - Wait For By.xpath: .//button[@type='submit'][contains(text(),'save')] to be hidden
[INFO ] 2018-10-31 19:05:37.522 (BaseWaitingWrapper.java:263) - Find element By.xpath: .//button[@type='submit'][contains(text(),'save')] in state ToBeVisibile
[INFO ] 2018-10-31 19:05:37.522 (BasePOM.java:108) - Typing Jonhq013244105379 into By.xpath: //input[@id='firstName'] Overwrite:true wait after input mls: 0
[DEBUG] 2018-10-31 19:05:37.522 (BaseWaitingWrapper.java:204) - Wait For By.xpath: //input[@id='firstName'] to be hidden
[INFO ] 2018-10-31 19:05:37.549 (BaseWaitingWrapper.java:263) - Find element By.xpath: //input[@id='firstName'] in state ToBeVisibile
[DEBUG] 2018-10-31 19:05:37.676 (BaseWaitingWrapper.java:157) - Going to sleep for :20
[DEBUG] 2018-10-31 19:05:37.697 (BaseWaitingWrapper.java:163) - wakeup from sleep for :20
[DEBUG] 2018-10-31 19:05:37.704 (BaseWaitingWrapper.java:47) - JQuery is Ready!
[DEBUG] 2018-10-31 19:05:37.712 (BaseWaitingWrapper.java:94) - JS is Ready!
[DEBUG] 2018-10-31 19:05:37.713 (BaseWaitingWrapper.java:157) - Going to sleep for :20
[DEBUG] 2018-10-31 19:05:37.733 (BaseWaitingWrapper.java:163) - wakeup from sleep for :20
[DEBUG] 2018-10-31 19:05:37.741 (BaseWaitingWrapper.java:145) - Angular is not defined on this site!
[INFO ] 2018-10-31 19:05:37.741 (BasePOM.java:108) - Typing Smithq093757710994 into By.xpath: //input[@id='lastName'] Overwrite:true wait after input mls: 0
[DEBUG] 2018-10-31 19:05:37.741 (BaseWaitingWrapper.java:204) - Wait For By.xpath: //input[@id='lastName'] to be hidden
[INFO ] 2018-10-31 19:05:37.769 (BaseWaitingWrapper.java:263) - Find element By.xpath: //input[@id='lastName'] in state ToBeVisibile
[DEBUG] 2018-10-31 19:05:37.879 (BaseWaitingWrapper.java:157) - Going to sleep for :20
[DEBUG] 2018-10-31 19:05:37.899 (BaseWaitingWrapper.java:163) - wakeup from sleep for :20
[DEBUG] 2018-10-31 19:05:37.908 (BaseWaitingWrapper.java:47) - JQuery is Ready!
[DEBUG] 2018-10-31 19:05:37.915 (BaseWaitingWrapper.java:94) - JS is Ready!
[DEBUG] 2018-10-31 19:05:37.915 (BaseWaitingWrapper.java:157) - Going to sleep for :20
[DEBUG] 2018-10-31 19:05:37.935 (BaseWaitingWrapper.java:163) - wakeup from sleep for :20
[DEBUG] 2018-10-31 19:05:37.942 (BaseWaitingWrapper.java:145) - Angular is not defined on this site!
[INFO ] 2018-10-31 19:05:37.942 (BasePOM.java:191) - Doing click on By.xpath: .//button[@type='submit'][contains(text(),'save')]
[DEBUG] 2018-10-31 19:05:37.942 (BaseWaitingWrapper.java:204) - Wait For By.xpath: .//button[@type='submit'][contains(text(),'save')] to be hidden
[INFO ] 2018-10-31 19:05:37.961 (BaseWaitingWrapper.java:263) - Find element By.xpath: .//button[@type='submit'][contains(text(),'save')] in state ToBeVisibile
[DEBUG] 2018-10-31 19:05:38.924 (BaseWaitingWrapper.java:204) - Wait For By.xpath: .//button[@type='button'][contains(text(),'Go back')] to be hidden
[INFO ] 2018-10-31 19:05:38.952 (BaseWaitingWrapper.java:263) - Find element By.xpath: .//button[@type='button'][contains(text(),'Go back')] in state ToBeVisibile
[ERROR] 2018-10-31 19:05:38.953 (ClientProperties.java:206) - Typing fields
[INFO ] 2018-10-31 19:05:38.953 (BasePOM.java:108) - Typing Jonhq013244105379 into By.id: firstName Overwrite:true wait after input mls: 0
[DEBUG] 2018-10-31 19:05:38.953 (BaseWaitingWrapper.java:204) - Wait For By.id: firstName to be hidden
[INFO ] 2018-10-31 19:05:38.979 (BaseWaitingWrapper.java:263) - Find element By.id: firstName in state ToBeVisibile
[DEBUG] 2018-10-31 19:05:39.091 (BaseWaitingWrapper.java:157) - Going to sleep for :20
[DEBUG] 2018-10-31 19:05:39.127 (BaseWaitingWrapper.java:163) - wakeup from sleep for :20
[DEBUG] 2018-10-31 19:05:39.135 (BaseWaitingWrapper.java:47) - JQuery is Ready!
[DEBUG] 2018-10-31 19:05:39.143 (BaseWaitingWrapper.java:94) - JS is Ready!
[DEBUG] 2018-10-31 19:05:39.143 (BaseWaitingWrapper.java:157) - Going to sleep for :20
[DEBUG] 2018-10-31 19:05:39.163 (BaseWaitingWrapper.java:163) - wakeup from sleep for :20
[DEBUG] 2018-10-31 19:05:39.181 (BaseWaitingWrapper.java:145) - Angular is not defined on this site!
[INFO ] 2018-10-31 19:05:39.182 (BasePOM.java:108) - Typing Smithq093757710994 into By.id: lastName Overwrite:true wait after input mls: 0
[DEBUG] 2018-10-31 19:05:39.182 (BaseWaitingWrapper.java:204) - Wait For By.id: lastName to be hidden
[INFO ] 2018-10-31 19:05:39.213 (BaseWaitingWrapper.java:263) - Find element By.id: lastName in state ToBeVisibile
[DEBUG] 2018-10-31 19:05:39.322 (BaseWaitingWrapper.java:157) - Going to sleep for :20
[DEBUG] 2018-10-31 19:05:39.342 (BaseWaitingWrapper.java:163) - wakeup from sleep for :20
[DEBUG] 2018-10-31 19:05:39.434 (BaseWaitingWrapper.java:47) - JQuery is Ready!
[DEBUG] 2018-10-31 19:05:39.442 (BaseWaitingWrapper.java:94) - JS is Ready!
[DEBUG] 2018-10-31 19:05:39.442 (BaseWaitingWrapper.java:157) - Going to sleep for :20
[DEBUG] 2018-10-31 19:05:39.463 (BaseWaitingWrapper.java:163) - wakeup from sleep for :20
[DEBUG] 2018-10-31 19:05:39.469 (BaseWaitingWrapper.java:145) - Angular is not defined on this site!
[INFO ] 2018-10-31 19:05:39.469 (BasePOM.java:108) - Typing IxfCX@uAvRv.com into By.id: email Overwrite:true wait after input mls: 0
[DEBUG] 2018-10-31 19:05:39.469 (BaseWaitingWrapper.java:204) - Wait For By.id: email to be hidden
[INFO ] 2018-10-31 19:05:39.496 (BaseWaitingWrapper.java:263) - Find element By.id: email in state ToBeVisibile
[DEBUG] 2018-10-31 19:05:39.597 (BaseWaitingWrapper.java:157) - Going to sleep for :20
[DEBUG] 2018-10-31 19:05:39.618 (BaseWaitingWrapper.java:163) - wakeup from sleep for :20
[DEBUG] 2018-10-31 19:05:39.624 (BaseWaitingWrapper.java:47) - JQuery is Ready!
[DEBUG] 2018-10-31 19:05:39.631 (BaseWaitingWrapper.java:94) - JS is Ready!
[DEBUG] 2018-10-31 19:05:39.632 (BaseWaitingWrapper.java:157) - Going to sleep for :20
[DEBUG] 2018-10-31 19:05:39.652 (BaseWaitingWrapper.java:163) - wakeup from sleep for :20
[DEBUG] 2018-10-31 19:05:39.660 (BaseWaitingWrapper.java:145) - Angular is not defined on this site!
[INFO ] 2018-10-31 19:05:39.660 (BasePOM.java:108) - Typing Dwphxisq into By.id: country Overwrite:true wait after input mls: 0
[DEBUG] 2018-10-31 19:05:39.661 (BaseWaitingWrapper.java:204) - Wait For By.id: country to be hidden
[INFO ] 2018-10-31 19:05:39.686 (BaseWaitingWrapper.java:263) - Find element By.id: country in state ToBeVisibile
[DEBUG] 2018-10-31 19:05:39.771 (BaseWaitingWrapper.java:157) - Going to sleep for :20
[DEBUG] 2018-10-31 19:05:39.792 (BaseWaitingWrapper.java:163) - wakeup from sleep for :20
[DEBUG] 2018-10-31 19:05:39.812 (BaseWaitingWrapper.java:47) - JQuery is Ready!
[DEBUG] 2018-10-31 19:05:39.823 (BaseWaitingWrapper.java:94) - JS is Ready!
[DEBUG] 2018-10-31 19:05:39.823 (BaseWaitingWrapper.java:157) - Going to sleep for :20
[DEBUG] 2018-10-31 19:05:39.843 (BaseWaitingWrapper.java:163) - wakeup from sleep for :20
[DEBUG] 2018-10-31 19:05:39.851 (BaseWaitingWrapper.java:145) - Angular is not defined on this site!
[INFO ] 2018-10-31 19:05:39.851 (BasePOM.java:108) - Typing Repgozxhzjmirkgmae into By.id: city Overwrite:true wait after input mls: 0
[DEBUG] 2018-10-31 19:05:39.851 (BaseWaitingWrapper.java:204) - Wait For By.id: city to be hidden
[INFO ] 2018-10-31 19:05:39.880 (BaseWaitingWrapper.java:263) - Find element By.id: city in state ToBeVisibile
[DEBUG] 2018-10-31 19:05:39.985 (BaseWaitingWrapper.java:157) - Going to sleep for :20
[DEBUG] 2018-10-31 19:05:40.006 (BaseWaitingWrapper.java:163) - wakeup from sleep for :20
[DEBUG] 2018-10-31 19:05:40.014 (BaseWaitingWrapper.java:47) - JQuery is Ready!
[DEBUG] 2018-10-31 19:05:40.021 (BaseWaitingWrapper.java:94) - JS is Ready!
[DEBUG] 2018-10-31 19:05:40.021 (BaseWaitingWrapper.java:157) - Going to sleep for :20
[DEBUG] 2018-10-31 19:05:40.041 (BaseWaitingWrapper.java:163) - wakeup from sleep for :20
[DEBUG] 2018-10-31 19:05:40.048 (BaseWaitingWrapper.java:145) - Angular is not defined on this site!
[INFO ] 2018-10-31 19:05:40.048 (BasePOM.java:108) - Typing 0862938014 into By.id: phoneNumber Overwrite:true wait after input mls: 0
[DEBUG] 2018-10-31 19:05:40.048 (BaseWaitingWrapper.java:204) - Wait For By.id: phoneNumber to be hidden
[INFO ] 2018-10-31 19:05:40.077 (BaseWaitingWrapper.java:263) - Find element By.id: phoneNumber in state ToBeVisibile
[DEBUG] 2018-10-31 19:05:40.176 (BaseWaitingWrapper.java:157) - Going to sleep for :20
[DEBUG] 2018-10-31 19:05:40.196 (BaseWaitingWrapper.java:163) - wakeup from sleep for :20
[DEBUG] 2018-10-31 19:05:40.203 (BaseWaitingWrapper.java:47) - JQuery is Ready!
[DEBUG] 2018-10-31 19:05:40.212 (BaseWaitingWrapper.java:94) - JS is Ready!
[DEBUG] 2018-10-31 19:05:40.213 (BaseWaitingWrapper.java:157) - Going to sleep for :20
[DEBUG] 2018-10-31 19:05:40.233 (BaseWaitingWrapper.java:163) - wakeup from sleep for :20
[DEBUG] 2018-10-31 19:05:40.242 (BaseWaitingWrapper.java:145) - Angular is not defined on this site!
[INFO ] 2018-10-31 19:05:40.242 (BasePOM.java:108) - Typing rAuBLwZ1QkirU5p4t6eFvzfyaFS9X5E1FPAmGNBhcQNNg5 into By.id: skype Overwrite:true wait after input mls: 0
[DEBUG] 2018-10-31 19:05:40.243 (BaseWaitingWrapper.java:204) - Wait For By.id: skype to be hidden
[INFO ] 2018-10-31 19:05:40.270 (BaseWaitingWrapper.java:263) - Find element By.id: skype in state ToBeVisibile
[DEBUG] 2018-10-31 19:05:40.446 (BaseWaitingWrapper.java:157) - Going to sleep for :20
[DEBUG] 2018-10-31 19:05:40.466 (BaseWaitingWrapper.java:163) - wakeup from sleep for :20
[DEBUG] 2018-10-31 19:05:40.473 (BaseWaitingWrapper.java:47) - JQuery is Ready!
[DEBUG] 2018-10-31 19:05:40.480 (BaseWaitingWrapper.java:94) - JS is Ready!
[DEBUG] 2018-10-31 19:05:40.480 (BaseWaitingWrapper.java:157) - Going to sleep for :20
[DEBUG] 2018-10-31 19:05:40.502 (BaseWaitingWrapper.java:163) - wakeup from sleep for :20
[DEBUG] 2018-10-31 19:05:40.510 (BaseWaitingWrapper.java:145) - Angular is not defined on this site!
[INFO ] 2018-10-31 19:05:40.511 (ClientProperties.java:199) - Clicking Save
[DEBUG] 2018-10-31 19:05:41.210 (BaseWaitingWrapper.java:204) - Wait For By.xpath: .//button[contains(text(),'Create Client')] to be hidden
[INFO ] 2018-10-31 19:05:41.239 (BaseWaitingWrapper.java:263) - Find element By.xpath: .//button[contains(text(),'Create Client')] in state ToBeVisibile
[INFO ] 2018-10-31 19:05:41.239 (BasePOM.java:108) - Typing Jonhq013244105379 Smithq093757710994 into By.xpath: .//input[@placeholder='Поиск'] Overwrite:true wait after input mls: 0
[DEBUG] 2018-10-31 19:05:41.239 (BaseWaitingWrapper.java:204) - Wait For By.xpath: .//input[@placeholder='Поиск'] to be hidden
[INFO ] 2018-10-31 19:05:41.266 (BaseWaitingWrapper.java:263) - Find element By.xpath: .//input[@placeholder='Поиск'] in state ToBeVisibile
[DEBUG] 2018-10-31 19:05:41.412 (BaseWaitingWrapper.java:157) - Going to sleep for :20
[DEBUG] 2018-10-31 19:05:41.433 (BaseWaitingWrapper.java:163) - wakeup from sleep for :20
[DEBUG] 2018-10-31 19:05:41.440 (BaseWaitingWrapper.java:47) - JQuery is Ready!
[DEBUG] 2018-10-31 19:05:41.447 (BaseWaitingWrapper.java:94) - JS is Ready!
[DEBUG] 2018-10-31 19:05:41.447 (BaseWaitingWrapper.java:157) - Going to sleep for :20
[DEBUG] 2018-10-31 19:05:41.467 (BaseWaitingWrapper.java:163) - wakeup from sleep for :20
[DEBUG] 2018-10-31 19:05:41.474 (BaseWaitingWrapper.java:145) - Angular is not defined on this site!
[DEBUG] 2018-10-31 19:05:41.474 (BaseWaitingWrapper.java:199) - Wait For By.xpath: //div[@class='fixed-table-loading'] to be hidden
[INFO ] 2018-10-31 19:05:41.500 (BaseWaitingWrapper.java:263) - Find element By.xpath: //div[@class='fixed-table-loading'] in state ToBeHidden
[INFO ] 2018-10-31 19:05:41.500 (BasePOM.java:141) - Wait For By.xpath: .//a[contains(text(),'Jonhq013244105379 Smithq093757710994')]
[DEBUG] 2018-10-31 19:05:41.501 (BasePOM.java:83) - Wait For By.xpath: .//a[contains(text(),'Jonhq013244105379 Smithq093757710994')]
[DEBUG] 2018-10-31 19:05:42.016 (BaseWaitingWrapper.java:204) - Wait For By.xpath: .//button[@type='button'][contains(text(),'Go back')] to be hidden
[INFO ] 2018-10-31 19:05:42.040 (BaseWaitingWrapper.java:263) - Find element By.xpath: .//button[@type='button'][contains(text(),'Go back')] in state ToBeVisibile
[DEBUG] 2018-10-31 19:05:42.165 (DataBase.java:39) - PostgreSQL JDBC Driver successfully connected
[DEBUG] 2018-10-31 19:05:42.311 (DataBase.java:60) - You successfully connected to database now
[INFO ] 2018-10-31 19:05:42.368 (DataBase.java:74) - DB Connection close
[DEBUG] 2018-10-31 19:05:42.369 (PrintOuts.java:13) - Printing Map with comment:Comapre With Page
[DEBUG] 2018-10-31 19:05:42.369 (PrintOuts.java:41) - For key firstName result is OK
[DEBUG] 2018-10-31 19:05:42.369 (PrintOuts.java:41) - For key lastName result is OK
[DEBUG] 2018-10-31 19:05:42.369 (PrintOuts.java:41) - For key country result is OK
[DEBUG] 2018-10-31 19:05:42.369 (PrintOuts.java:41) - For key skype result is OK
[DEBUG] 2018-10-31 19:05:42.369 (PrintOuts.java:41) - For key city result is OK
[DEBUG] 2018-10-31 19:05:42.369 (PrintOuts.java:41) - For key phone result is OK
[DEBUG] 2018-10-31 19:05:42.369 (PrintOuts.java:41) - For key email result is OK
[INFO ] 2018-10-31 19:05:42.370 (AssertWrapper.java:15) - TEST SUCCESSFULLY COMPLETED
[DEBUG] 2018-10-31 19:05:42.370 (PrintOuts.java:13) - Printing Map with comment:Compare With Db
[DEBUG] 2018-10-31 19:05:42.370 (PrintOuts.java:41) - For key firstName result is OK
[DEBUG] 2018-10-31 19:05:42.370 (PrintOuts.java:41) - For key lastName result is OK
[DEBUG] 2018-10-31 19:05:42.370 (PrintOuts.java:41) - For key country result is OK
[DEBUG] 2018-10-31 19:05:42.370 (PrintOuts.java:41) - For key skype result is OK
[DEBUG] 2018-10-31 19:05:42.370 (PrintOuts.java:41) - For key city result is OK
[DEBUG] 2018-10-31 19:05:42.370 (PrintOuts.java:41) - For key phone result is OK
[DEBUG] 2018-10-31 19:05:42.370 (PrintOuts.java:41) - For key email result is OK
[INFO ] 2018-10-31 19:05:42.378 (ScreenShots.java:22) - Resizing Page
[INFO ] 2018-10-31 19:05:43.755 (ScreenShots.java:35) - Making screenshot
[INFO ] 2018-10-31 19:05:44.032 (BaseTest.java:141) - Closing browser
[INFO ] 2018-10-31 19:06:03.847 (BaseTest.java:105) - --------------------Strarting Test------------
[INFO ] 2018-10-31 19:06:03.852 (BaseTest.java:112) - Starting browser
[INFO ] 2018-10-31 19:06:08.305 (LoginPage.java:102) - Found login form on the page, need to login
[INFO ] 2018-10-31 19:06:08.305 (LoginPage.java:72) - logining as admin
[INFO ] 2018-10-31 19:06:09.114 (LoginPage.java:64) - pressed Submit
[INFO ] 2018-10-31 19:06:09.134 (ClientCreateTest.java:52) - Get into Testtests.ClientCreateTest
[INFO ] 2018-10-31 19:06:09.137 (BasePOM.java:191) - Doing click on By.xpath: .//a[@href='/admin/clients']
[DEBUG] 2018-10-31 19:06:09.138 (BaseWaitingWrapper.java:204) - Wait For By.xpath: .//a[@href='/admin/clients'] to be hidden
[INFO ] 2018-10-31 19:06:09.175 (BaseWaitingWrapper.java:263) - Find element By.xpath: .//a[@href='/admin/clients'] in state ToBeVisibile
[DEBUG] 2018-10-31 19:06:09.592 (BaseWaitingWrapper.java:204) - Wait For By.xpath: .//button[contains(text(),'Create Client')] to be hidden
[INFO ] 2018-10-31 19:06:09.622 (BaseWaitingWrapper.java:263) - Find element By.xpath: .//button[contains(text(),'Create Client')] in state ToBeVisibile
[INFO ] 2018-10-31 19:06:09.623 (BasePOM.java:191) - Doing click on By.xpath: .//button[contains(text(),'Create Client')]
[DEBUG] 2018-10-31 19:06:09.623 (BaseWaitingWrapper.java:204) - Wait For By.xpath: .//button[contains(text(),'Create Client')] to be hidden
[INFO ] 2018-10-31 19:06:09.644 (BaseWaitingWrapper.java:263) - Find element By.xpath: .//button[contains(text(),'Create Client')] in state ToBeVisibile
[DEBUG] 2018-10-31 19:06:09.704 (BaseWaitingWrapper.java:204) - Wait For By.xpath: .//button[@type='submit'][contains(text(),'save')] to be hidden
[INFO ] 2018-10-31 19:06:10.255 (BaseWaitingWrapper.java:263) - Find element By.xpath: .//button[@type='submit'][contains(text(),'save')] in state ToBeVisibile
[INFO ] 2018-10-31 19:06:10.255 (BasePOM.java:108) - Typing Jonhq01324410537910 into By.xpath: //input[@id='firstName'] Overwrite:true wait after input mls: 0
[DEBUG] 2018-10-31 19:06:10.256 (BaseWaitingWrapper.java:204) - Wait For By.xpath: //input[@id='firstName'] to be hidden
[INFO ] 2018-10-31 19:06:10.284 (BaseWaitingWrapper.java:263) - Find element By.xpath: //input[@id='firstName'] in state ToBeVisibile
[DEBUG] 2018-10-31 19:06:10.428 (BaseWaitingWrapper.java:157) - Going to sleep for :20
[DEBUG] 2018-10-31 19:06:10.448 (BaseWaitingWrapper.java:163) - wakeup from sleep for :20
[DEBUG] 2018-10-31 19:06:10.458 (BaseWaitingWrapper.java:47) - JQuery is Ready!
[DEBUG] 2018-10-31 19:06:10.467 (BaseWaitingWrapper.java:94) - JS is Ready!
[DEBUG] 2018-10-31 19:06:10.468 (BaseWaitingWrapper.java:157) - Going to sleep for :20
[DEBUG] 2018-10-31 19:06:10.488 (BaseWaitingWrapper.java:163) - wakeup from sleep for :20
[DEBUG] 2018-10-31 19:06:10.497 (BaseWaitingWrapper.java:145) - Angular is not defined on this site!
[INFO ] 2018-10-31 19:06:10.497 (BasePOM.java:108) - Typing Smithq0937577109946 into By.xpath: //input[@id='lastName'] Overwrite:true wait after input mls: 0
[DEBUG] 2018-10-31 19:06:10.497 (BaseWaitingWrapper.java:204) - Wait For By.xpath: //input[@id='lastName'] to be hidden
[INFO ] 2018-10-31 19:06:10.527 (BaseWaitingWrapper.java:263) - Find element By.xpath: //input[@id='lastName'] in state ToBeVisibile
[DEBUG] 2018-10-31 19:06:10.649 (BaseWaitingWrapper.java:157) - Going to sleep for :20
[DEBUG] 2018-10-31 19:06:10.670 (BaseWaitingWrapper.java:163) - wakeup from sleep for :20
[DEBUG] 2018-10-31 19:06:10.680 (BaseWaitingWrapper.java:47) - JQuery is Ready!
[DEBUG] 2018-10-31 19:06:10.689 (BaseWaitingWrapper.java:94) - JS is Ready!
[DEBUG] 2018-10-31 19:06:10.689 (BaseWaitingWrapper.java:157) - Going to sleep for :20
[DEBUG] 2018-10-31 19:06:10.710 (BaseWaitingWrapper.java:163) - wakeup from sleep for :20
[DEBUG] 2018-10-31 19:06:10.720 (BaseWaitingWrapper.java:145) - Angular is not defined on this site!
[INFO ] 2018-10-31 19:06:10.720 (BasePOM.java:191) - Doing click on By.xpath: .//button[@type='submit'][contains(text(),'save')]
[DEBUG] 2018-10-31 19:06:10.720 (BaseWaitingWrapper.java:204) - Wait For By.xpath: .//button[@type='submit'][contains(text(),'save')] to be hidden
[INFO ] 2018-10-31 19:06:10.747 (BaseWaitingWrapper.java:263) - Find element By.xpath: .//button[@type='submit'][contains(text(),'save')] in state ToBeVisibile
[DEBUG] 2018-10-31 19:06:11.281 (BaseWaitingWrapper.java:204) - Wait For By.xpath: .//button[@type='button'][contains(text(),'Go back')] to be hidden
[INFO ] 2018-10-31 19:06:11.309 (BaseWaitingWrapper.java:263) - Find element By.xpath: .//button[@type='button'][contains(text(),'Go back')] in state ToBeVisibile
[ERROR] 2018-10-31 19:06:11.309 (ClientProperties.java:206) - Typing fields
[INFO ] 2018-10-31 19:06:11.309 (BasePOM.java:108) - Typing Jonhq01324410537910 into By.id: firstName Overwrite:true wait after input mls: 0
[DEBUG] 2018-10-31 19:06:11.309 (BaseWaitingWrapper.java:204) - Wait For By.id: firstName to be hidden
[INFO ] 2018-10-31 19:06:11.336 (BaseWaitingWrapper.java:263) - Find element By.id: firstName in state ToBeVisibile
[DEBUG] 2018-10-31 19:06:11.469 (BaseWaitingWrapper.java:157) - Going to sleep for :20
[DEBUG] 2018-10-31 19:06:11.489 (BaseWaitingWrapper.java:163) - wakeup from sleep for :20
[DEBUG] 2018-10-31 19:06:11.497 (BaseWaitingWrapper.java:47) - JQuery is Ready!
[DEBUG] 2018-10-31 19:06:11.505 (BaseWaitingWrapper.java:94) - JS is Ready!
[DEBUG] 2018-10-31 19:06:11.505 (BaseWaitingWrapper.java:157) - Going to sleep for :20
[DEBUG] 2018-10-31 19:06:11.525 (BaseWaitingWrapper.java:163) - wakeup from sleep for :20
[DEBUG] 2018-10-31 19:06:11.557 (BaseWaitingWrapper.java:145) - Angular is not defined on this site!
[INFO ] 2018-10-31 19:06:11.558 (BasePOM.java:108) - Typing Smithq0937577109946 into By.id: lastName Overwrite:true wait after input mls: 0
[DEBUG] 2018-10-31 19:06:11.558 (BaseWaitingWrapper.java:204) - Wait For By.id: lastName to be hidden
[INFO ] 2018-10-31 19:06:11.607 (BaseWaitingWrapper.java:263) - Find element By.id: lastName in state ToBeVisibile
[DEBUG] 2018-10-31 19:06:11.841 (BaseWaitingWrapper.java:157) - Going to sleep for :20
[DEBUG] 2018-10-31 19:06:11.862 (BaseWaitingWrapper.java:163) - wakeup from sleep for :20
[DEBUG] 2018-10-31 19:06:11.870 (BaseWaitingWrapper.java:47) - JQuery is Ready!
[DEBUG] 2018-10-31 19:06:11.878 (BaseWaitingWrapper.java:94) - JS is Ready!
[DEBUG] 2018-10-31 19:06:11.878 (BaseWaitingWrapper.java:157) - Going to sleep for :20
[DEBUG] 2018-10-31 19:06:11.898 (BaseWaitingWrapper.java:163) - wakeup from sleep for :20
[DEBUG] 2018-10-31 19:06:11.905 (BaseWaitingWrapper.java:145) - Angular is not defined on this site!
[INFO ] 2018-10-31 19:06:11.905 (BasePOM.java:108) - Typing viMcE@LINUq.com into By.id: email Overwrite:true wait after input mls: 0
[DEBUG] 2018-10-31 19:06:11.905 (BaseWaitingWrapper.java:204) - Wait For By.id: email to be hidden
[INFO ] 2018-10-31 19:06:11.934 (BaseWaitingWrapper.java:263) - Find element By.id: email in state ToBeVisibile
[DEBUG] 2018-10-31 19:06:12.063 (BaseWaitingWrapper.java:157) - Going to sleep for :20
[DEBUG] 2018-10-31 19:06:12.083 (BaseWaitingWrapper.java:163) - wakeup from sleep for :20
[DEBUG] 2018-10-31 19:06:12.090 (BaseWaitingWrapper.java:47) - JQuery is Ready!
[DEBUG] 2018-10-31 19:06:12.098 (BaseWaitingWrapper.java:94) - JS is Ready!
[DEBUG] 2018-10-31 19:06:12.098 (BaseWaitingWrapper.java:157) - Going to sleep for :20
[DEBUG] 2018-10-31 19:06:12.119 (BaseWaitingWrapper.java:163) - wakeup from sleep for :20
[DEBUG] 2018-10-31 19:06:12.126 (BaseWaitingWrapper.java:145) - Angular is not defined on this site!
[INFO ] 2018-10-31 19:06:12.126 (BasePOM.java:108) - Typing Dsbsbhyoocdlkzohayteqzfjdihfwbfocyughhdc into By.id: country Overwrite:true wait after input mls: 0
[DEBUG] 2018-10-31 19:06:12.126 (BaseWaitingWrapper.java:204) - Wait For By.id: country to be hidden
[INFO ] 2018-10-31 19:06:12.154 (BaseWaitingWrapper.java:263) - Find element By.id: country in state ToBeVisibile
[DEBUG] 2018-10-31 19:06:12.340 (BaseWaitingWrapper.java:157) - Going to sleep for :20
[DEBUG] 2018-10-31 19:06:12.360 (BaseWaitingWrapper.java:163) - wakeup from sleep for :20
[DEBUG] 2018-10-31 19:06:12.367 (BaseWaitingWrapper.java:47) - JQuery is Ready!
[DEBUG] 2018-10-31 19:06:12.377 (BaseWaitingWrapper.java:94) - JS is Ready!
[DEBUG] 2018-10-31 19:06:12.377 (BaseWaitingWrapper.java:157) - Going to sleep for :20
[DEBUG] 2018-10-31 19:06:12.399 (BaseWaitingWrapper.java:163) - wakeup from sleep for :20
[DEBUG] 2018-10-31 19:06:12.405 (BaseWaitingWrapper.java:145) - Angular is not defined on this site!
[INFO ] 2018-10-31 19:06:12.405 (BasePOM.java:108) - Typing Tl into By.id: city Overwrite:true wait after input mls: 0
[DEBUG] 2018-10-31 19:06:12.406 (BaseWaitingWrapper.java:204) - Wait For By.id: city to be hidden
[INFO ] 2018-10-31 19:06:12.433 (BaseWaitingWrapper.java:263) - Find element By.id: city in state ToBeVisibile
[DEBUG] 2018-10-31 19:06:12.513 (BaseWaitingWrapper.java:157) - Going to sleep for :20
[DEBUG] 2018-10-31 19:06:12.533 (BaseWaitingWrapper.java:163) - wakeup from sleep for :20
[DEBUG] 2018-10-31 19:06:12.539 (BaseWaitingWrapper.java:47) - JQuery is Ready!
[DEBUG] 2018-10-31 19:06:12.547 (BaseWaitingWrapper.java:94) - JS is Ready!
[DEBUG] 2018-10-31 19:06:12.547 (BaseWaitingWrapper.java:157) - Going to sleep for :20
[DEBUG] 2018-10-31 19:06:12.567 (BaseWaitingWrapper.java:163) - wakeup from sleep for :20
[DEBUG] 2018-10-31 19:06:12.578 (BaseWaitingWrapper.java:145) - Angular is not defined on this site!
[INFO ] 2018-10-31 19:06:12.578 (BasePOM.java:108) - Typing 6646366939 into By.id: phoneNumber Overwrite:true wait after input mls: 0
[DEBUG] 2018-10-31 19:06:12.579 (BaseWaitingWrapper.java:204) - Wait For By.id: phoneNumber to be hidden
[INFO ] 2018-10-31 19:06:12.616 (BaseWaitingWrapper.java:263) - Find element By.id: phoneNumber in state ToBeVisibile
[DEBUG] 2018-10-31 19:06:12.714 (BaseWaitingWrapper.java:157) - Going to sleep for :20
[DEBUG] 2018-10-31 19:06:12.736 (BaseWaitingWrapper.java:163) - wakeup from sleep for :20
[DEBUG] 2018-10-31 19:06:12.762 (BaseWaitingWrapper.java:47) - JQuery is Ready!
[DEBUG] 2018-10-31 19:06:12.777 (BaseWaitingWrapper.java:94) - JS is Ready!
[DEBUG] 2018-10-31 19:06:12.777 (BaseWaitingWrapper.java:157) - Going to sleep for :20
[DEBUG] 2018-10-31 19:06:12.798 (BaseWaitingWrapper.java:163) - wakeup from sleep for :20
[DEBUG] 2018-10-31 19:06:12.808 (BaseWaitingWrapper.java:145) - Angular is not defined on this site!
[INFO ] 2018-10-31 19:06:12.808 (BasePOM.java:108) - Typing VewOYL into By.id: skype Overwrite:true wait after input mls: 0
[DEBUG] 2018-10-31 19:06:12.808 (BaseWaitingWrapper.java:204) - Wait For By.id: skype to be hidden
[INFO ] 2018-10-31 19:06:12.839 (BaseWaitingWrapper.java:263) - Find element By.id: skype in state ToBeVisibile
[DEBUG] 2018-10-31 19:06:12.930 (BaseWaitingWrapper.java:157) - Going to sleep for :20
[DEBUG] 2018-10-31 19:06:12.950 (BaseWaitingWrapper.java:163) - wakeup from sleep for :20
[DEBUG] 2018-10-31 19:06:12.982 (BaseWaitingWrapper.java:47) - JQuery is Ready!
[DEBUG] 2018-10-31 19:06:13.001 (BaseWaitingWrapper.java:94) - JS is Ready!
[DEBUG] 2018-10-31 19:06:13.002 (BaseWaitingWrapper.java:157) - Going to sleep for :20
[DEBUG] 2018-10-31 19:06:13.022 (BaseWaitingWrapper.java:163) - wakeup from sleep for :20
[DEBUG] 2018-10-31 19:06:13.029 (BaseWaitingWrapper.java:145) - Angular is not defined on this site!
[INFO ] 2018-10-31 19:06:13.030 (ClientProperties.java:199) - Clicking Save
[DEBUG] 2018-10-31 19:06:13.518 (BaseWaitingWrapper.java:204) - Wait For By.xpath: .//button[contains(text(),'Create Client')] to be hidden
[INFO ] 2018-10-31 19:06:13.541 (BaseWaitingWrapper.java:263) - Find element By.xpath: .//button[contains(text(),'Create Client')] in state ToBeVisibile
[INFO ] 2018-10-31 19:06:13.541 (BasePOM.java:108) - Typing Jonhq01324410537910 Smithq0937577109946 into By.xpath: .//input[@placeholder='Поиск'] Overwrite:true wait after input mls: 0
[DEBUG] 2018-10-31 19:06:13.542 (BaseWaitingWrapper.java:204) - Wait For By.xpath: .//input[@placeholder='Поиск'] to be hidden
[INFO ] 2018-10-31 19:06:13.571 (BaseWaitingWrapper.java:263) - Find element By.xpath: .//input[@placeholder='Поиск'] in state ToBeVisibile
[DEBUG] 2018-10-31 19:06:13.739 (BaseWaitingWrapper.java:157) - Going to sleep for :20
[DEBUG] 2018-10-31 19:06:13.759 (BaseWaitingWrapper.java:163) - wakeup from sleep for :20
[DEBUG] 2018-10-31 19:06:13.766 (BaseWaitingWrapper.java:47) - JQuery is Ready!
[DEBUG] 2018-10-31 19:06:13.777 (BaseWaitingWrapper.java:94) - JS is Ready!
[DEBUG] 2018-10-31 19:06:13.777 (BaseWaitingWrapper.java:157) - Going to sleep for :20
[DEBUG] 2018-10-31 19:06:13.798 (BaseWaitingWrapper.java:163) - wakeup from sleep for :20
[DEBUG] 2018-10-31 19:06:13.806 (BaseWaitingWrapper.java:145) - Angular is not defined on this site!
[DEBUG] 2018-10-31 19:06:13.807 (BaseWaitingWrapper.java:199) - Wait For By.xpath: //div[@class='fixed-table-loading'] to be hidden
[INFO ] 2018-10-31 19:06:13.835 (BaseWaitingWrapper.java:263) - Find element By.xpath: //div[@class='fixed-table-loading'] in state ToBeHidden
[INFO ] 2018-10-31 19:06:13.835 (BasePOM.java:141) - Wait For By.xpath: .//a[contains(text(),'Jonhq01324410537910 Smithq0937577109946')]
[DEBUG] 2018-10-31 19:06:13.835 (BasePOM.java:83) - Wait For By.xpath: .//a[contains(text(),'Jonhq01324410537910 Smithq0937577109946')]
[DEBUG] 2018-10-31 19:06:14.312 (BaseWaitingWrapper.java:204) - Wait For By.xpath: .//button[@type='button'][contains(text(),'Go back')] to be hidden
[INFO ] 2018-10-31 19:06:14.341 (BaseWaitingWrapper.java:263) - Find element By.xpath: .//button[@type='button'][contains(text(),'Go back')] in state ToBeVisibile
[DEBUG] 2018-10-31 19:06:14.533 (DataBase.java:39) - PostgreSQL JDBC Driver successfully connected
[DEBUG] 2018-10-31 19:06:14.669 (DataBase.java:60) - You successfully connected to database now
[INFO ] 2018-10-31 19:06:14.717 (DataBase.java:74) - DB Connection close
[DEBUG] 2018-10-31 19:06:14.717 (PrintOuts.java:13) - Printing Map with comment:Comapre With Page
[DEBUG] 2018-10-31 19:06:14.717 (PrintOuts.java:41) - For key firstName result is OK
[DEBUG] 2018-10-31 19:06:14.718 (PrintOuts.java:41) - For key lastName result is OK
[DEBUG] 2018-10-31 19:06:14.718 (PrintOuts.java:41) - For key country result is OK
[DEBUG] 2018-10-31 19:06:14.718 (PrintOuts.java:41) - For key skype result is OK
[DEBUG] 2018-10-31 19:06:14.718 (PrintOuts.java:41) - For key city result is OK
[DEBUG] 2018-10-31 19:06:14.718 (PrintOuts.java:41) - For key phone result is OK
[DEBUG] 2018-10-31 19:06:14.718 (PrintOuts.java:41) - For key email result is OK
[INFO ] 2018-10-31 19:06:14.718 (AssertWrapper.java:15) - TEST SUCCESSFULLY COMPLETED
[DEBUG] 2018-10-31 19:06:14.718 (PrintOuts.java:13) - Printing Map with comment:Compare With Db
[DEBUG] 2018-10-31 19:06:14.718 (PrintOuts.java:41) - For key firstName result is OK
[DEBUG] 2018-10-31 19:06:14.719 (PrintOuts.java:41) - For key lastName result is OK
[DEBUG] 2018-10-31 19:06:14.719 (PrintOuts.java:41) - For key country result is OK
[DEBUG] 2018-10-31 19:06:14.719 (PrintOuts.java:41) - For key skype result is OK
[DEBUG] 2018-10-31 19:06:14.719 (PrintOuts.java:41) - For key city result is OK
[DEBUG] 2018-10-31 19:06:14.719 (PrintOuts.java:41) - For key phone result is OK
[DEBUG] 2018-10-31 19:06:14.719 (PrintOuts.java:41) - For key email result is OK
[INFO ] 2018-10-31 19:06:14.724 (ScreenShots.java:22) - Resizing Page
[INFO ] 2018-10-31 19:06:16.106 (ScreenShots.java:35) - Making screenshot
[INFO ] 2018-10-31 19:06:16.391 (BaseTest.java:141) - Closing browser
