[INFO ] 2018-09-25 11:38:52.212 (BaseTest.java:105) - --------------------Strarting Test------------
[INFO ] 2018-09-25 11:38:52.219 (BaseTest.java:112) - Starting browser
[INFO ] 2018-09-25 11:38:56.144 (LoginPage.java:102) - Found login form on the page, need to login
[INFO ] 2018-09-25 11:38:56.144 (LoginPage.java:72) - logining as admin
[INFO ] 2018-09-25 11:38:56.235 (LoginPage.java:64) - pressed Submit
[INFO ] 2018-09-25 11:38:56.861 (ClientCreateTest.java:52) - Get into Testtests.ClientCreateTest
[INFO ] 2018-09-25 11:38:56.867 (BasePOM.java:191) - Doing click on By.xpath: .//a[@href='/admin/clients']
[DEBUG] 2018-09-25 11:38:56.869 (BaseWaitingWarp.java:204) - Wait For By.xpath: .//a[@href='/admin/clients'] to be hidden
[INFO ] 2018-09-25 11:38:56.956 (BaseWaitingWarp.java:259) - Find element By.xpath: .//a[@href='/admin/clients'] in state ToBeVisibile
[DEBUG] 2018-09-25 11:38:57.389 (BaseWaitingWarp.java:204) - Wait For By.xpath: .//button[contains(text(),'Create Client')] to be hidden
[INFO ] 2018-09-25 11:38:57.416 (BaseWaitingWarp.java:259) - Find element By.xpath: .//button[contains(text(),'Create Client')] in state ToBeVisibile
[INFO ] 2018-09-25 11:38:57.417 (BasePOM.java:191) - Doing click on By.xpath: .//button[contains(text(),'Create Client')]
[DEBUG] 2018-09-25 11:38:57.417 (BaseWaitingWarp.java:204) - Wait For By.xpath: .//button[contains(text(),'Create Client')] to be hidden
[INFO ] 2018-09-25 11:38:57.442 (BaseWaitingWarp.java:259) - Find element By.xpath: .//button[contains(text(),'Create Client')] in state ToBeVisibile
[DEBUG] 2018-09-25 11:38:57.679 (BaseWaitingWarp.java:204) - Wait For By.xpath: .//button[@type='submit'][contains(text(),'save')] to be hidden
[INFO ] 2018-09-25 11:38:57.702 (BaseWaitingWarp.java:259) - Find element By.xpath: .//button[@type='submit'][contains(text(),'save')] in state ToBeVisibile
[INFO ] 2018-09-25 11:38:57.702 (BasePOM.java:108) - Typing Jonhq013244105 into By.xpath: //input[@id='firstName'] Overwrite:true wait after input mls: 0
[DEBUG] 2018-09-25 11:38:57.702 (BaseWaitingWarp.java:204) - Wait For By.xpath: //input[@id='firstName'] to be hidden
[INFO ] 2018-09-25 11:38:57.725 (BaseWaitingWarp.java:259) - Find element By.xpath: //input[@id='firstName'] in state ToBeVisibile
[DEBUG] 2018-09-25 11:38:57.779 (BaseWaitingWarp.java:157) - Going to sleep for :20
[DEBUG] 2018-09-25 11:38:57.801 (BaseWaitingWarp.java:163) - wakeup from sleep for :20
[DEBUG] 2018-09-25 11:38:57.879 (BaseWaitingWarp.java:47) - JQuery is Ready!
[DEBUG] 2018-09-25 11:38:57.888 (BaseWaitingWarp.java:94) - JS is Ready!
[DEBUG] 2018-09-25 11:38:57.888 (BaseWaitingWarp.java:157) - Going to sleep for :20
[DEBUG] 2018-09-25 11:38:57.909 (BaseWaitingWarp.java:163) - wakeup from sleep for :20
[DEBUG] 2018-09-25 11:38:57.917 (BaseWaitingWarp.java:145) - Angular is not defined on this site!
[INFO ] 2018-09-25 11:38:57.918 (BasePOM.java:108) - Typing Smithq093757710 into By.xpath: //input[@id='lastName'] Overwrite:true wait after input mls: 0
[DEBUG] 2018-09-25 11:38:57.918 (BaseWaitingWarp.java:204) - Wait For By.xpath: //input[@id='lastName'] to be hidden
[INFO ] 2018-09-25 11:38:57.960 (BaseWaitingWarp.java:259) - Find element By.xpath: //input[@id='lastName'] in state ToBeVisibile
[DEBUG] 2018-09-25 11:38:58.062 (BaseWaitingWarp.java:157) - Going to sleep for :20
[DEBUG] 2018-09-25 11:38:58.083 (BaseWaitingWarp.java:163) - wakeup from sleep for :20
[DEBUG] 2018-09-25 11:38:58.089 (BaseWaitingWarp.java:47) - JQuery is Ready!
[DEBUG] 2018-09-25 11:38:58.096 (BaseWaitingWarp.java:94) - JS is Ready!
[DEBUG] 2018-09-25 11:38:58.096 (BaseWaitingWarp.java:157) - Going to sleep for :20
[DEBUG] 2018-09-25 11:38:58.116 (BaseWaitingWarp.java:163) - wakeup from sleep for :20
[DEBUG] 2018-09-25 11:38:58.122 (BaseWaitingWarp.java:145) - Angular is not defined on this site!
[INFO ] 2018-09-25 11:38:58.122 (BasePOM.java:191) - Doing click on By.xpath: .//button[@type='submit'][contains(text(),'save')]
[DEBUG] 2018-09-25 11:38:58.122 (BaseWaitingWarp.java:204) - Wait For By.xpath: .//button[@type='submit'][contains(text(),'save')] to be hidden
[INFO ] 2018-09-25 11:38:58.145 (BaseWaitingWarp.java:259) - Find element By.xpath: .//button[@type='submit'][contains(text(),'save')] in state ToBeVisibile
[DEBUG] 2018-09-25 11:38:58.665 (BaseWaitingWarp.java:204) - Wait For By.xpath: .//button[@type='button'][contains(text(),'Go back')] to be hidden
[INFO ] 2018-09-25 11:38:58.694 (BaseWaitingWarp.java:259) - Find element By.xpath: .//button[@type='button'][contains(text(),'Go back')] in state ToBeVisibile
[ERROR] 2018-09-25 11:38:58.694 (ClientProperties.java:206) - Typing fields
[INFO ] 2018-09-25 11:38:58.695 (BasePOM.java:108) - Typing Jonhq013244105 into By.id: firstName Overwrite:true wait after input mls: 0
[DEBUG] 2018-09-25 11:38:58.695 (BaseWaitingWarp.java:204) - Wait For By.id: firstName to be hidden
[INFO ] 2018-09-25 11:38:58.719 (BaseWaitingWarp.java:259) - Find element By.id: firstName in state ToBeVisibile
[DEBUG] 2018-09-25 11:38:58.773 (BaseWaitingWarp.java:157) - Going to sleep for :20
[DEBUG] 2018-09-25 11:38:58.793 (BaseWaitingWarp.java:163) - wakeup from sleep for :20
[DEBUG] 2018-09-25 11:38:58.799 (BaseWaitingWarp.java:47) - JQuery is Ready!
[DEBUG] 2018-09-25 11:38:58.806 (BaseWaitingWarp.java:94) - JS is Ready!
[DEBUG] 2018-09-25 11:38:58.806 (BaseWaitingWarp.java:157) - Going to sleep for :20
[DEBUG] 2018-09-25 11:38:58.826 (BaseWaitingWarp.java:163) - wakeup from sleep for :20
[DEBUG] 2018-09-25 11:38:58.840 (BaseWaitingWarp.java:145) - Angular is not defined on this site!
[INFO ] 2018-09-25 11:38:58.840 (BasePOM.java:108) - Typing Smithq093757710 into By.id: lastName Overwrite:true wait after input mls: 0
[DEBUG] 2018-09-25 11:38:58.840 (BaseWaitingWarp.java:204) - Wait For By.id: lastName to be hidden
[INFO ] 2018-09-25 11:38:58.867 (BaseWaitingWarp.java:259) - Find element By.id: lastName in state ToBeVisibile
[DEBUG] 2018-09-25 11:38:58.922 (BaseWaitingWarp.java:157) - Going to sleep for :20
[DEBUG] 2018-09-25 11:38:58.942 (BaseWaitingWarp.java:163) - wakeup from sleep for :20
[DEBUG] 2018-09-25 11:38:58.949 (BaseWaitingWarp.java:47) - JQuery is Ready!
[DEBUG] 2018-09-25 11:38:58.955 (BaseWaitingWarp.java:94) - JS is Ready!
[DEBUG] 2018-09-25 11:38:58.955 (BaseWaitingWarp.java:157) - Going to sleep for :20
[DEBUG] 2018-09-25 11:38:58.976 (BaseWaitingWarp.java:163) - wakeup from sleep for :20
[DEBUG] 2018-09-25 11:38:58.982 (BaseWaitingWarp.java:145) - Angular is not defined on this site!
[INFO ] 2018-09-25 11:38:58.983 (BasePOM.java:108) - Typing tiPHe@wTaNn.com into By.id: email Overwrite:true wait after input mls: 0
[DEBUG] 2018-09-25 11:38:58.983 (BaseWaitingWarp.java:204) - Wait For By.id: email to be hidden
[INFO ] 2018-09-25 11:38:59.008 (BaseWaitingWarp.java:259) - Find element By.id: email in state ToBeVisibile
[DEBUG] 2018-09-25 11:38:59.064 (BaseWaitingWarp.java:157) - Going to sleep for :20
[DEBUG] 2018-09-25 11:38:59.084 (BaseWaitingWarp.java:163) - wakeup from sleep for :20
[DEBUG] 2018-09-25 11:38:59.090 (BaseWaitingWarp.java:47) - JQuery is Ready!
[DEBUG] 2018-09-25 11:38:59.098 (BaseWaitingWarp.java:94) - JS is Ready!
[DEBUG] 2018-09-25 11:38:59.098 (BaseWaitingWarp.java:157) - Going to sleep for :20
[DEBUG] 2018-09-25 11:38:59.119 (BaseWaitingWarp.java:163) - wakeup from sleep for :20
[DEBUG] 2018-09-25 11:38:59.232 (BaseWaitingWarp.java:145) - Angular is not defined on this site!
[INFO ] 2018-09-25 11:38:59.232 (BasePOM.java:108) - Typing Cottpmjnicaabbtcfegbddpbcajryvtud into By.id: country Overwrite:true wait after input mls: 0
[DEBUG] 2018-09-25 11:38:59.232 (BaseWaitingWarp.java:204) - Wait For By.id: country to be hidden
[INFO ] 2018-09-25 11:38:59.254 (BaseWaitingWarp.java:259) - Find element By.id: country in state ToBeVisibile
[DEBUG] 2018-09-25 11:38:59.306 (BaseWaitingWarp.java:157) - Going to sleep for :20
[DEBUG] 2018-09-25 11:38:59.327 (BaseWaitingWarp.java:163) - wakeup from sleep for :20
[DEBUG] 2018-09-25 11:38:59.334 (BaseWaitingWarp.java:47) - JQuery is Ready!
[DEBUG] 2018-09-25 11:38:59.340 (BaseWaitingWarp.java:94) - JS is Ready!
[DEBUG] 2018-09-25 11:38:59.340 (BaseWaitingWarp.java:157) - Going to sleep for :20
[DEBUG] 2018-09-25 11:38:59.361 (BaseWaitingWarp.java:163) - wakeup from sleep for :20
[DEBUG] 2018-09-25 11:38:59.368 (BaseWaitingWarp.java:145) - Angular is not defined on this site!
[INFO ] 2018-09-25 11:38:59.368 (BasePOM.java:108) - Typing Zgemfklrehppborebflfopndoqhzyeplk into By.id: city Overwrite:true wait after input mls: 0
[DEBUG] 2018-09-25 11:38:59.368 (BaseWaitingWarp.java:204) - Wait For By.id: city to be hidden
[INFO ] 2018-09-25 11:38:59.392 (BaseWaitingWarp.java:259) - Find element By.id: city in state ToBeVisibile
[DEBUG] 2018-09-25 11:38:59.448 (BaseWaitingWarp.java:157) - Going to sleep for :20
[DEBUG] 2018-09-25 11:38:59.470 (BaseWaitingWarp.java:163) - wakeup from sleep for :20
[DEBUG] 2018-09-25 11:38:59.476 (BaseWaitingWarp.java:47) - JQuery is Ready!
[DEBUG] 2018-09-25 11:38:59.483 (BaseWaitingWarp.java:94) - JS is Ready!
[DEBUG] 2018-09-25 11:38:59.483 (BaseWaitingWarp.java:157) - Going to sleep for :20
[DEBUG] 2018-09-25 11:38:59.504 (BaseWaitingWarp.java:163) - wakeup from sleep for :20
[DEBUG] 2018-09-25 11:38:59.510 (BaseWaitingWarp.java:145) - Angular is not defined on this site!
[INFO ] 2018-09-25 11:38:59.511 (BasePOM.java:108) - Typing 5557506135 into By.id: phoneNumber Overwrite:true wait after input mls: 0
[DEBUG] 2018-09-25 11:38:59.511 (BaseWaitingWarp.java:204) - Wait For By.id: phoneNumber to be hidden
[INFO ] 2018-09-25 11:38:59.536 (BaseWaitingWarp.java:259) - Find element By.id: phoneNumber in state ToBeVisibile
[DEBUG] 2018-09-25 11:38:59.580 (BaseWaitingWarp.java:157) - Going to sleep for :20
[DEBUG] 2018-09-25 11:38:59.602 (BaseWaitingWarp.java:163) - wakeup from sleep for :20
[DEBUG] 2018-09-25 11:38:59.608 (BaseWaitingWarp.java:47) - JQuery is Ready!
[DEBUG] 2018-09-25 11:38:59.616 (BaseWaitingWarp.java:94) - JS is Ready!
[DEBUG] 2018-09-25 11:38:59.616 (BaseWaitingWarp.java:157) - Going to sleep for :20
[DEBUG] 2018-09-25 11:38:59.636 (BaseWaitingWarp.java:163) - wakeup from sleep for :20
[DEBUG] 2018-09-25 11:38:59.643 (BaseWaitingWarp.java:145) - Angular is not defined on this site!
[INFO ] 2018-09-25 11:38:59.643 (BasePOM.java:108) - Typing N2dB056ZXxzCJ6X into By.id: skype Overwrite:true wait after input mls: 0
[DEBUG] 2018-09-25 11:38:59.643 (BaseWaitingWarp.java:204) - Wait For By.id: skype to be hidden
[INFO ] 2018-09-25 11:38:59.667 (BaseWaitingWarp.java:259) - Find element By.id: skype in state ToBeVisibile
[DEBUG] 2018-09-25 11:38:59.710 (BaseWaitingWarp.java:157) - Going to sleep for :20
[DEBUG] 2018-09-25 11:38:59.731 (BaseWaitingWarp.java:163) - wakeup from sleep for :20
[DEBUG] 2018-09-25 11:38:59.737 (BaseWaitingWarp.java:47) - JQuery is Ready!
[DEBUG] 2018-09-25 11:38:59.744 (BaseWaitingWarp.java:94) - JS is Ready!
[DEBUG] 2018-09-25 11:38:59.744 (BaseWaitingWarp.java:157) - Going to sleep for :20
[DEBUG] 2018-09-25 11:38:59.764 (BaseWaitingWarp.java:163) - wakeup from sleep for :20
[DEBUG] 2018-09-25 11:38:59.771 (BaseWaitingWarp.java:145) - Angular is not defined on this site!
[INFO ] 2018-09-25 11:38:59.771 (ClientProperties.java:199) - Clicking Save
[DEBUG] 2018-09-25 11:39:00.240 (BaseWaitingWarp.java:204) - Wait For By.xpath: .//button[contains(text(),'Create Client')] to be hidden
[INFO ] 2018-09-25 11:39:00.262 (BaseWaitingWarp.java:259) - Find element By.xpath: .//button[contains(text(),'Create Client')] in state ToBeVisibile
[INFO ] 2018-09-25 11:39:00.262 (BasePOM.java:108) - Typing Jonhq013244105 Smithq093757710 into By.xpath: .//input[@placeholder='Поиск'] Overwrite:true wait after input mls: 0
[DEBUG] 2018-09-25 11:39:00.262 (BaseWaitingWarp.java:204) - Wait For By.xpath: .//input[@placeholder='Поиск'] to be hidden
[INFO ] 2018-09-25 11:39:00.285 (BaseWaitingWarp.java:259) - Find element By.xpath: .//input[@placeholder='Поиск'] in state ToBeVisibile
[DEBUG] 2018-09-25 11:39:00.357 (BaseWaitingWarp.java:157) - Going to sleep for :20
[DEBUG] 2018-09-25 11:39:00.377 (BaseWaitingWarp.java:163) - wakeup from sleep for :20
[DEBUG] 2018-09-25 11:39:00.385 (BaseWaitingWarp.java:47) - JQuery is Ready!
[DEBUG] 2018-09-25 11:39:00.391 (BaseWaitingWarp.java:94) - JS is Ready!
[DEBUG] 2018-09-25 11:39:00.392 (BaseWaitingWarp.java:157) - Going to sleep for :20
[DEBUG] 2018-09-25 11:39:00.412 (BaseWaitingWarp.java:163) - wakeup from sleep for :20
[DEBUG] 2018-09-25 11:39:00.418 (BaseWaitingWarp.java:145) - Angular is not defined on this site!
[DEBUG] 2018-09-25 11:39:00.418 (BaseWaitingWarp.java:199) - Wait For By.xpath: //div[@class='fixed-table-loading'] to be hidden
[INFO ] 2018-09-25 11:39:00.439 (BaseWaitingWarp.java:259) - Find element By.xpath: //div[@class='fixed-table-loading'] in state ToBeHidden
[INFO ] 2018-09-25 11:39:00.440 (BasePOM.java:141) - Wait For By.xpath: .//a[contains(text(),'Jonhq013244105 Smithq093757710')]
[DEBUG] 2018-09-25 11:39:00.440 (BasePOM.java:83) - Wait For By.xpath: .//a[contains(text(),'Jonhq013244105 Smithq093757710')]
[DEBUG] 2018-09-25 11:39:01.244 (BaseWaitingWarp.java:204) - Wait For By.xpath: .//button[@type='button'][contains(text(),'Go back')] to be hidden
[INFO ] 2018-09-25 11:39:01.268 (BaseWaitingWarp.java:259) - Find element By.xpath: .//button[@type='button'][contains(text(),'Go back')] in state ToBeVisibile
[DEBUG] 2018-09-25 11:39:01.381 (DataBase.java:39) - PostgreSQL JDBC Driver successfully connected
[DEBUG] 2018-09-25 11:39:01.517 (DataBase.java:60) - You successfully connected to database now
[INFO ] 2018-09-25 11:39:01.563 (DataBase.java:74) - DB Connection close
[DEBUG] 2018-09-25 11:39:01.564 (PrintOuts.java:13) - Printing Map with comment:Comapre With Page
[DEBUG] 2018-09-25 11:39:01.564 (PrintOuts.java:41) - For key firstName result is OK
[DEBUG] 2018-09-25 11:39:01.565 (PrintOuts.java:41) - For key lastName result is OK
[DEBUG] 2018-09-25 11:39:01.565 (PrintOuts.java:41) - For key country result is OK
[DEBUG] 2018-09-25 11:39:01.565 (PrintOuts.java:41) - For key skype result is OK
[DEBUG] 2018-09-25 11:39:01.565 (PrintOuts.java:41) - For key city result is OK
[DEBUG] 2018-09-25 11:39:01.565 (PrintOuts.java:41) - For key phone result is OK
[DEBUG] 2018-09-25 11:39:01.565 (PrintOuts.java:41) - For key email result is OK
[INFO ] 2018-09-25 11:39:01.565 (AssertWarp.java:15) - TEST SUCCESSFULLY COMPLETED
[DEBUG] 2018-09-25 11:39:01.565 (PrintOuts.java:13) - Printing Map with comment:Compare With Db
[DEBUG] 2018-09-25 11:39:01.565 (PrintOuts.java:41) - For key firstName result is OK
[DEBUG] 2018-09-25 11:39:01.565 (PrintOuts.java:41) - For key lastName result is OK
[DEBUG] 2018-09-25 11:39:01.566 (PrintOuts.java:41) - For key country result is OK
[DEBUG] 2018-09-25 11:39:01.566 (PrintOuts.java:41) - For key skype result is OK
[DEBUG] 2018-09-25 11:39:01.566 (PrintOuts.java:41) - For key city result is OK
[DEBUG] 2018-09-25 11:39:01.566 (PrintOuts.java:41) - For key phone result is OK
[DEBUG] 2018-09-25 11:39:01.566 (PrintOuts.java:41) - For key email result is OK
[INFO ] 2018-09-25 11:39:01.571 (ScreenShots.java:22) - Resizing Page
[INFO ] 2018-09-25 11:39:03.719 (ScreenShots.java:35) - Making screenshot
[INFO ] 2018-09-25 11:39:03.792 (BaseTest.java:141) - Closing browser
[INFO ] 2018-09-25 11:41:31.960 (BaseTest.java:105) - --------------------Strarting Test------------
[INFO ] 2018-09-25 11:41:31.966 (BaseTest.java:112) - Starting browser
[INFO ] 2018-09-25 11:41:35.356 (LoginPage.java:102) - Found login form on the page, need to login
[INFO ] 2018-09-25 11:41:35.356 (LoginPage.java:72) - logining as admin
[INFO ] 2018-09-25 11:41:37.862 (LoginPage.java:64) - pressed Submit
[INFO ] 2018-09-25 11:41:37.876 (ClientCreateTest.java:52) - Get into Testtests.ClientCreateTest
[INFO ] 2018-09-25 11:41:37.878 (BasePOM.java:191) - Doing click on By.xpath: .//a[@href='/admin/clients']
[DEBUG] 2018-09-25 11:41:37.879 (BaseWaitingWarp.java:204) - Wait For By.xpath: .//a[@href='/admin/clients'] to be hidden
[INFO ] 2018-09-25 11:41:37.909 (BaseWaitingWarp.java:259) - Find element By.xpath: .//a[@href='/admin/clients'] in state ToBeVisibile
[DEBUG] 2018-09-25 11:41:38.391 (BaseWaitingWarp.java:204) - Wait For By.xpath: .//button[contains(text(),'Create Client')] to be hidden
[INFO ] 2018-09-25 11:41:38.417 (BaseWaitingWarp.java:259) - Find element By.xpath: .//button[contains(text(),'Create Client')] in state ToBeVisibile
[INFO ] 2018-09-25 11:41:38.417 (BasePOM.java:191) - Doing click on By.xpath: .//button[contains(text(),'Create Client')]
[DEBUG] 2018-09-25 11:41:38.418 (BaseWaitingWarp.java:204) - Wait For By.xpath: .//button[contains(text(),'Create Client')] to be hidden
[INFO ] 2018-09-25 11:41:38.436 (BaseWaitingWarp.java:259) - Find element By.xpath: .//button[contains(text(),'Create Client')] in state ToBeVisibile
[DEBUG] 2018-09-25 11:41:38.484 (BaseWaitingWarp.java:204) - Wait For By.xpath: .//button[@type='submit'][contains(text(),'save')] to be hidden
[INFO ] 2018-09-25 11:41:39.034 (BaseWaitingWarp.java:259) - Find element By.xpath: .//button[@type='submit'][contains(text(),'save')] in state ToBeVisibile
[INFO ] 2018-09-25 11:41:39.034 (BasePOM.java:108) - Typing Jonhq0132441053 into By.xpath: //input[@id='firstName'] Overwrite:true wait after input mls: 0
[DEBUG] 2018-09-25 11:41:39.034 (BaseWaitingWarp.java:204) - Wait For By.xpath: //input[@id='firstName'] to be hidden
[INFO ] 2018-09-25 11:41:39.059 (BaseWaitingWarp.java:259) - Find element By.xpath: //input[@id='firstName'] in state ToBeVisibile
[DEBUG] 2018-09-25 11:41:39.155 (BaseWaitingWarp.java:157) - Going to sleep for :20
[DEBUG] 2018-09-25 11:41:39.176 (BaseWaitingWarp.java:163) - wakeup from sleep for :20
[DEBUG] 2018-09-25 11:41:39.185 (BaseWaitingWarp.java:47) - JQuery is Ready!
[DEBUG] 2018-09-25 11:41:39.194 (BaseWaitingWarp.java:94) - JS is Ready!
[DEBUG] 2018-09-25 11:41:39.195 (BaseWaitingWarp.java:157) - Going to sleep for :20
[DEBUG] 2018-09-25 11:41:39.215 (BaseWaitingWarp.java:163) - wakeup from sleep for :20
[DEBUG] 2018-09-25 11:41:39.223 (BaseWaitingWarp.java:145) - Angular is not defined on this site!
[INFO ] 2018-09-25 11:41:39.223 (BasePOM.java:108) - Typing Smithq0937577109 into By.xpath: //input[@id='lastName'] Overwrite:true wait after input mls: 0
[DEBUG] 2018-09-25 11:41:39.223 (BaseWaitingWarp.java:204) - Wait For By.xpath: //input[@id='lastName'] to be hidden
[INFO ] 2018-09-25 11:41:39.249 (BaseWaitingWarp.java:259) - Find element By.xpath: //input[@id='lastName'] in state ToBeVisibile
[DEBUG] 2018-09-25 11:41:39.355 (BaseWaitingWarp.java:157) - Going to sleep for :20
[DEBUG] 2018-09-25 11:41:39.375 (BaseWaitingWarp.java:163) - wakeup from sleep for :20
[DEBUG] 2018-09-25 11:41:39.383 (BaseWaitingWarp.java:47) - JQuery is Ready!
[DEBUG] 2018-09-25 11:41:39.391 (BaseWaitingWarp.java:94) - JS is Ready!
[DEBUG] 2018-09-25 11:41:39.391 (BaseWaitingWarp.java:157) - Going to sleep for :20
[DEBUG] 2018-09-25 11:41:39.412 (BaseWaitingWarp.java:163) - wakeup from sleep for :20
[DEBUG] 2018-09-25 11:41:39.419 (BaseWaitingWarp.java:145) - Angular is not defined on this site!
[INFO ] 2018-09-25 11:41:39.419 (BasePOM.java:191) - Doing click on By.xpath: .//button[@type='submit'][contains(text(),'save')]
[DEBUG] 2018-09-25 11:41:39.420 (BaseWaitingWarp.java:204) - Wait For By.xpath: .//button[@type='submit'][contains(text(),'save')] to be hidden
[INFO ] 2018-09-25 11:41:39.438 (BaseWaitingWarp.java:259) - Find element By.xpath: .//button[@type='submit'][contains(text(),'save')] in state ToBeVisibile
[DEBUG] 2018-09-25 11:41:39.943 (BaseWaitingWarp.java:204) - Wait For By.xpath: .//button[@type='button'][contains(text(),'Go back')] to be hidden
[INFO ] 2018-09-25 11:41:39.974 (BaseWaitingWarp.java:259) - Find element By.xpath: .//button[@type='button'][contains(text(),'Go back')] in state ToBeVisibile
[ERROR] 2018-09-25 11:41:39.974 (ClientProperties.java:206) - Typing fields
[INFO ] 2018-09-25 11:41:39.974 (BasePOM.java:108) - Typing Jonhq0132441053 into By.id: firstName Overwrite:true wait after input mls: 0
[DEBUG] 2018-09-25 11:41:39.974 (BaseWaitingWarp.java:204) - Wait For By.id: firstName to be hidden
[INFO ] 2018-09-25 11:41:40.001 (BaseWaitingWarp.java:259) - Find element By.id: firstName in state ToBeVisibile
[DEBUG] 2018-09-25 11:41:40.100 (BaseWaitingWarp.java:157) - Going to sleep for :20
[DEBUG] 2018-09-25 11:41:40.122 (BaseWaitingWarp.java:163) - wakeup from sleep for :20
[DEBUG] 2018-09-25 11:41:40.131 (BaseWaitingWarp.java:47) - JQuery is Ready!
[DEBUG] 2018-09-25 11:41:40.139 (BaseWaitingWarp.java:94) - JS is Ready!
[DEBUG] 2018-09-25 11:41:40.139 (BaseWaitingWarp.java:157) - Going to sleep for :20
[DEBUG] 2018-09-25 11:41:40.159 (BaseWaitingWarp.java:163) - wakeup from sleep for :20
[DEBUG] 2018-09-25 11:41:40.166 (BaseWaitingWarp.java:145) - Angular is not defined on this site!
[INFO ] 2018-09-25 11:41:40.167 (BasePOM.java:108) - Typing Smithq0937577109 into By.id: lastName Overwrite:true wait after input mls: 0
[DEBUG] 2018-09-25 11:41:40.167 (BaseWaitingWarp.java:204) - Wait For By.id: lastName to be hidden
[INFO ] 2018-09-25 11:41:40.191 (BaseWaitingWarp.java:259) - Find element By.id: lastName in state ToBeVisibile
[DEBUG] 2018-09-25 11:41:40.285 (BaseWaitingWarp.java:157) - Going to sleep for :20
[DEBUG] 2018-09-25 11:41:40.305 (BaseWaitingWarp.java:163) - wakeup from sleep for :20
[DEBUG] 2018-09-25 11:41:40.313 (BaseWaitingWarp.java:47) - JQuery is Ready!
[DEBUG] 2018-09-25 11:41:40.320 (BaseWaitingWarp.java:94) - JS is Ready!
[DEBUG] 2018-09-25 11:41:40.320 (BaseWaitingWarp.java:157) - Going to sleep for :20
[DEBUG] 2018-09-25 11:41:40.341 (BaseWaitingWarp.java:163) - wakeup from sleep for :20
[DEBUG] 2018-09-25 11:41:40.351 (BaseWaitingWarp.java:145) - Angular is not defined on this site!
[INFO ] 2018-09-25 11:41:40.351 (BasePOM.java:108) - Typing ULrRW@imUcD.com into By.id: email Overwrite:true wait after input mls: 0
[DEBUG] 2018-09-25 11:41:40.351 (BaseWaitingWarp.java:204) - Wait For By.id: email to be hidden
[INFO ] 2018-09-25 11:41:40.506 (BaseWaitingWarp.java:259) - Find element By.id: email in state ToBeVisibile
[DEBUG] 2018-09-25 11:41:40.606 (BaseWaitingWarp.java:157) - Going to sleep for :20
[DEBUG] 2018-09-25 11:41:40.626 (BaseWaitingWarp.java:163) - wakeup from sleep for :20
[DEBUG] 2018-09-25 11:41:40.633 (BaseWaitingWarp.java:47) - JQuery is Ready!
[DEBUG] 2018-09-25 11:41:40.640 (BaseWaitingWarp.java:94) - JS is Ready!
[DEBUG] 2018-09-25 11:41:40.640 (BaseWaitingWarp.java:157) - Going to sleep for :20
[DEBUG] 2018-09-25 11:41:40.660 (BaseWaitingWarp.java:163) - wakeup from sleep for :20
[DEBUG] 2018-09-25 11:41:40.668 (BaseWaitingWarp.java:145) - Angular is not defined on this site!
[INFO ] 2018-09-25 11:41:40.668 (BasePOM.java:108) - Typing Beoknymovvndbcngnyfj into By.id: country Overwrite:true wait after input mls: 0
[DEBUG] 2018-09-25 11:41:40.668 (BaseWaitingWarp.java:204) - Wait For By.id: country to be hidden
[INFO ] 2018-09-25 11:41:40.694 (BaseWaitingWarp.java:259) - Find element By.id: country in state ToBeVisibile
[DEBUG] 2018-09-25 11:41:40.796 (BaseWaitingWarp.java:157) - Going to sleep for :20
[DEBUG] 2018-09-25 11:41:40.816 (BaseWaitingWarp.java:163) - wakeup from sleep for :20
[DEBUG] 2018-09-25 11:41:40.823 (BaseWaitingWarp.java:47) - JQuery is Ready!
[DEBUG] 2018-09-25 11:41:40.832 (BaseWaitingWarp.java:94) - JS is Ready!
[DEBUG] 2018-09-25 11:41:40.832 (BaseWaitingWarp.java:157) - Going to sleep for :20
[DEBUG] 2018-09-25 11:41:40.852 (BaseWaitingWarp.java:163) - wakeup from sleep for :20
[DEBUG] 2018-09-25 11:41:40.860 (BaseWaitingWarp.java:145) - Angular is not defined on this site!
[INFO ] 2018-09-25 11:41:40.860 (BasePOM.java:108) - Typing Knbikjkxpjydgwcsfdtcewzfnthmbuedhvw into By.id: city Overwrite:true wait after input mls: 0
[DEBUG] 2018-09-25 11:41:40.860 (BaseWaitingWarp.java:204) - Wait For By.id: city to be hidden
[INFO ] 2018-09-25 11:41:40.886 (BaseWaitingWarp.java:259) - Find element By.id: city in state ToBeVisibile
[DEBUG] 2018-09-25 11:41:41.011 (BaseWaitingWarp.java:157) - Going to sleep for :20
[DEBUG] 2018-09-25 11:41:41.032 (BaseWaitingWarp.java:163) - wakeup from sleep for :20
[DEBUG] 2018-09-25 11:41:41.038 (BaseWaitingWarp.java:47) - JQuery is Ready!
[DEBUG] 2018-09-25 11:41:41.046 (BaseWaitingWarp.java:94) - JS is Ready!
[DEBUG] 2018-09-25 11:41:41.046 (BaseWaitingWarp.java:157) - Going to sleep for :20
[DEBUG] 2018-09-25 11:41:41.066 (BaseWaitingWarp.java:163) - wakeup from sleep for :20
[DEBUG] 2018-09-25 11:41:41.074 (BaseWaitingWarp.java:145) - Angular is not defined on this site!
[INFO ] 2018-09-25 11:41:41.074 (BasePOM.java:108) - Typing 7267400667 into By.id: phoneNumber Overwrite:true wait after input mls: 0
[DEBUG] 2018-09-25 11:41:41.074 (BaseWaitingWarp.java:204) - Wait For By.id: phoneNumber to be hidden
[INFO ] 2018-09-25 11:41:41.101 (BaseWaitingWarp.java:259) - Find element By.id: phoneNumber in state ToBeVisibile
[DEBUG] 2018-09-25 11:41:41.189 (BaseWaitingWarp.java:157) - Going to sleep for :20
[DEBUG] 2018-09-25 11:41:41.211 (BaseWaitingWarp.java:163) - wakeup from sleep for :20
[DEBUG] 2018-09-25 11:41:41.218 (BaseWaitingWarp.java:47) - JQuery is Ready!
[DEBUG] 2018-09-25 11:41:41.225 (BaseWaitingWarp.java:94) - JS is Ready!
[DEBUG] 2018-09-25 11:41:41.226 (BaseWaitingWarp.java:157) - Going to sleep for :20
[DEBUG] 2018-09-25 11:41:41.247 (BaseWaitingWarp.java:163) - wakeup from sleep for :20
[DEBUG] 2018-09-25 11:41:41.254 (BaseWaitingWarp.java:145) - Angular is not defined on this site!
[INFO ] 2018-09-25 11:41:41.254 (BasePOM.java:108) - Typing pD6LYZjxEWyc1UDMuYsTFWa2TUWNlo into By.id: skype Overwrite:true wait after input mls: 0
[DEBUG] 2018-09-25 11:41:41.254 (BaseWaitingWarp.java:204) - Wait For By.id: skype to be hidden
[INFO ] 2018-09-25 11:41:41.278 (BaseWaitingWarp.java:259) - Find element By.id: skype in state ToBeVisibile
[DEBUG] 2018-09-25 11:41:41.405 (BaseWaitingWarp.java:157) - Going to sleep for :20
[DEBUG] 2018-09-25 11:41:41.426 (BaseWaitingWarp.java:163) - wakeup from sleep for :20
[DEBUG] 2018-09-25 11:41:41.434 (BaseWaitingWarp.java:47) - JQuery is Ready!
[DEBUG] 2018-09-25 11:41:41.442 (BaseWaitingWarp.java:94) - JS is Ready!
[DEBUG] 2018-09-25 11:41:41.442 (BaseWaitingWarp.java:157) - Going to sleep for :20
[DEBUG] 2018-09-25 11:41:41.462 (BaseWaitingWarp.java:163) - wakeup from sleep for :20
[DEBUG] 2018-09-25 11:41:41.469 (BaseWaitingWarp.java:145) - Angular is not defined on this site!
[INFO ] 2018-09-25 11:41:41.469 (ClientProperties.java:199) - Clicking Save
[DEBUG] 2018-09-25 11:41:41.981 (BaseWaitingWarp.java:204) - Wait For By.xpath: .//button[contains(text(),'Create Client')] to be hidden
[INFO ] 2018-09-25 11:41:42.006 (BaseWaitingWarp.java:259) - Find element By.xpath: .//button[contains(text(),'Create Client')] in state ToBeVisibile
[INFO ] 2018-09-25 11:41:42.006 (BasePOM.java:108) - Typing Jonhq0132441053 Smithq0937577109 into By.xpath: .//input[@placeholder='Поиск'] Overwrite:true wait after input mls: 0
[DEBUG] 2018-09-25 11:41:42.007 (BaseWaitingWarp.java:204) - Wait For By.xpath: .//input[@placeholder='Поиск'] to be hidden
[INFO ] 2018-09-25 11:41:42.033 (BaseWaitingWarp.java:259) - Find element By.xpath: .//input[@placeholder='Поиск'] in state ToBeVisibile
[DEBUG] 2018-09-25 11:41:42.151 (BaseWaitingWarp.java:157) - Going to sleep for :20
[DEBUG] 2018-09-25 11:41:42.171 (BaseWaitingWarp.java:163) - wakeup from sleep for :20
[DEBUG] 2018-09-25 11:41:42.178 (BaseWaitingWarp.java:47) - JQuery is Ready!
[DEBUG] 2018-09-25 11:41:42.184 (BaseWaitingWarp.java:94) - JS is Ready!
[DEBUG] 2018-09-25 11:41:42.185 (BaseWaitingWarp.java:157) - Going to sleep for :20
[DEBUG] 2018-09-25 11:41:42.205 (BaseWaitingWarp.java:163) - wakeup from sleep for :20
[DEBUG] 2018-09-25 11:41:42.213 (BaseWaitingWarp.java:145) - Angular is not defined on this site!
[DEBUG] 2018-09-25 11:41:42.214 (BaseWaitingWarp.java:199) - Wait For By.xpath: //div[@class='fixed-table-loading'] to be hidden
[INFO ] 2018-09-25 11:41:42.237 (BaseWaitingWarp.java:259) - Find element By.xpath: //div[@class='fixed-table-loading'] in state ToBeHidden
[INFO ] 2018-09-25 11:41:42.238 (BasePOM.java:141) - Wait For By.xpath: .//a[contains(text(),'Jonhq0132441053 Smithq0937577109')]
[DEBUG] 2018-09-25 11:41:42.238 (BasePOM.java:83) - Wait For By.xpath: .//a[contains(text(),'Jonhq0132441053 Smithq0937577109')]
[DEBUG] 2018-09-25 11:41:43.098 (BaseWaitingWarp.java:204) - Wait For By.xpath: .//button[@type='button'][contains(text(),'Go back')] to be hidden
[INFO ] 2018-09-25 11:41:43.120 (BaseWaitingWarp.java:259) - Find element By.xpath: .//button[@type='button'][contains(text(),'Go back')] in state ToBeVisibile
[DEBUG] 2018-09-25 11:41:43.233 (DataBase.java:39) - PostgreSQL JDBC Driver successfully connected
[DEBUG] 2018-09-25 11:41:43.362 (DataBase.java:60) - You successfully connected to database now
[INFO ] 2018-09-25 11:41:43.409 (DataBase.java:74) - DB Connection close
[DEBUG] 2018-09-25 11:41:43.409 (PrintOuts.java:13) - Printing Map with comment:Comapre With Page
[DEBUG] 2018-09-25 11:41:43.409 (PrintOuts.java:41) - For key firstName result is OK
[DEBUG] 2018-09-25 11:41:43.409 (PrintOuts.java:41) - For key lastName result is OK
[DEBUG] 2018-09-25 11:41:43.410 (PrintOuts.java:41) - For key country result is OK
[DEBUG] 2018-09-25 11:41:43.410 (PrintOuts.java:41) - For key skype result is OK
[DEBUG] 2018-09-25 11:41:43.410 (PrintOuts.java:41) - For key city result is OK
[DEBUG] 2018-09-25 11:41:43.410 (PrintOuts.java:41) - For key phone result is OK
[DEBUG] 2018-09-25 11:41:43.410 (PrintOuts.java:41) - For key email result is OK
[INFO ] 2018-09-25 11:41:43.410 (AssertWarp.java:15) - TEST SUCCESSFULLY COMPLETED
[DEBUG] 2018-09-25 11:41:43.410 (PrintOuts.java:13) - Printing Map with comment:Compare With Db
[DEBUG] 2018-09-25 11:41:43.410 (PrintOuts.java:41) - For key firstName result is OK
[DEBUG] 2018-09-25 11:41:43.410 (PrintOuts.java:41) - For key lastName result is OK
[DEBUG] 2018-09-25 11:41:43.410 (PrintOuts.java:41) - For key country result is OK
[DEBUG] 2018-09-25 11:41:43.410 (PrintOuts.java:41) - For key skype result is OK
[DEBUG] 2018-09-25 11:41:43.411 (PrintOuts.java:41) - For key city result is OK
[DEBUG] 2018-09-25 11:41:43.411 (PrintOuts.java:41) - For key phone result is OK
[DEBUG] 2018-09-25 11:41:43.411 (PrintOuts.java:41) - For key email result is OK
[INFO ] 2018-09-25 11:41:43.415 (ScreenShots.java:22) - Resizing Page
[INFO ] 2018-09-25 11:41:44.765 (ScreenShots.java:35) - Making screenshot
[INFO ] 2018-09-25 11:41:45.037 (BaseTest.java:141) - Closing browser
[INFO ] 2018-09-25 11:42:02.581 (BaseTest.java:105) - --------------------Strarting Test------------
[INFO ] 2018-09-25 11:42:02.585 (BaseTest.java:112) - Starting browser
[INFO ] 2018-09-25 11:42:05.807 (LoginPage.java:102) - Found login form on the page, need to login
[INFO ] 2018-09-25 11:42:05.807 (LoginPage.java:72) - logining as admin
[INFO ] 2018-09-25 11:42:06.586 (LoginPage.java:64) - pressed Submit
[INFO ] 2018-09-25 11:42:06.602 (ClientCreateTest.java:52) - Get into Testtests.ClientCreateTest
[INFO ] 2018-09-25 11:42:06.604 (BasePOM.java:191) - Doing click on By.xpath: .//a[@href='/admin/clients']
[DEBUG] 2018-09-25 11:42:06.605 (BaseWaitingWarp.java:204) - Wait For By.xpath: .//a[@href='/admin/clients'] to be hidden
[INFO ] 2018-09-25 11:42:06.636 (BaseWaitingWarp.java:259) - Find element By.xpath: .//a[@href='/admin/clients'] in state ToBeVisibile
[DEBUG] 2018-09-25 11:42:07.053 (BaseWaitingWarp.java:204) - Wait For By.xpath: .//button[contains(text(),'Create Client')] to be hidden
[INFO ] 2018-09-25 11:42:07.079 (BaseWaitingWarp.java:259) - Find element By.xpath: .//button[contains(text(),'Create Client')] in state ToBeVisibile
[INFO ] 2018-09-25 11:42:07.079 (BasePOM.java:191) - Doing click on By.xpath: .//button[contains(text(),'Create Client')]
[DEBUG] 2018-09-25 11:42:07.080 (BaseWaitingWarp.java:204) - Wait For By.xpath: .//button[contains(text(),'Create Client')] to be hidden
[INFO ] 2018-09-25 11:42:07.098 (BaseWaitingWarp.java:259) - Find element By.xpath: .//button[contains(text(),'Create Client')] in state ToBeVisibile
[DEBUG] 2018-09-25 11:42:07.146 (BaseWaitingWarp.java:204) - Wait For By.xpath: .//button[@type='submit'][contains(text(),'save')] to be hidden
[INFO ] 2018-09-25 11:42:07.698 (BaseWaitingWarp.java:259) - Find element By.xpath: .//button[@type='submit'][contains(text(),'save')] in state ToBeVisibile
[INFO ] 2018-09-25 11:42:07.698 (BasePOM.java:108) - Typing Jonhq01324410537 into By.xpath: //input[@id='firstName'] Overwrite:true wait after input mls: 0
[DEBUG] 2018-09-25 11:42:07.698 (BaseWaitingWarp.java:204) - Wait For By.xpath: //input[@id='firstName'] to be hidden
[INFO ] 2018-09-25 11:42:07.724 (BaseWaitingWarp.java:259) - Find element By.xpath: //input[@id='firstName'] in state ToBeVisibile
[DEBUG] 2018-09-25 11:42:07.827 (BaseWaitingWarp.java:157) - Going to sleep for :20
[DEBUG] 2018-09-25 11:42:07.848 (BaseWaitingWarp.java:163) - wakeup from sleep for :20
[DEBUG] 2018-09-25 11:42:07.857 (BaseWaitingWarp.java:47) - JQuery is Ready!
[DEBUG] 2018-09-25 11:42:07.867 (BaseWaitingWarp.java:94) - JS is Ready!
[DEBUG] 2018-09-25 11:42:07.867 (BaseWaitingWarp.java:157) - Going to sleep for :20
[DEBUG] 2018-09-25 11:42:07.887 (BaseWaitingWarp.java:163) - wakeup from sleep for :20
[DEBUG] 2018-09-25 11:42:07.894 (BaseWaitingWarp.java:145) - Angular is not defined on this site!
[INFO ] 2018-09-25 11:42:07.895 (BasePOM.java:108) - Typing Smithq09375771099 into By.xpath: //input[@id='lastName'] Overwrite:true wait after input mls: 0
[DEBUG] 2018-09-25 11:42:07.895 (BaseWaitingWarp.java:204) - Wait For By.xpath: //input[@id='lastName'] to be hidden
[INFO ] 2018-09-25 11:42:07.921 (BaseWaitingWarp.java:259) - Find element By.xpath: //input[@id='lastName'] in state ToBeVisibile
[DEBUG] 2018-09-25 11:42:08.032 (BaseWaitingWarp.java:157) - Going to sleep for :20
[DEBUG] 2018-09-25 11:42:08.053 (BaseWaitingWarp.java:163) - wakeup from sleep for :20
[DEBUG] 2018-09-25 11:42:08.060 (BaseWaitingWarp.java:47) - JQuery is Ready!
[DEBUG] 2018-09-25 11:42:08.069 (BaseWaitingWarp.java:94) - JS is Ready!
[DEBUG] 2018-09-25 11:42:08.069 (BaseWaitingWarp.java:157) - Going to sleep for :20
[DEBUG] 2018-09-25 11:42:08.089 (BaseWaitingWarp.java:163) - wakeup from sleep for :20
[DEBUG] 2018-09-25 11:42:08.096 (BaseWaitingWarp.java:145) - Angular is not defined on this site!
[INFO ] 2018-09-25 11:42:08.096 (BasePOM.java:191) - Doing click on By.xpath: .//button[@type='submit'][contains(text(),'save')]
[DEBUG] 2018-09-25 11:42:08.096 (BaseWaitingWarp.java:204) - Wait For By.xpath: .//button[@type='submit'][contains(text(),'save')] to be hidden
[INFO ] 2018-09-25 11:42:08.115 (BaseWaitingWarp.java:259) - Find element By.xpath: .//button[@type='submit'][contains(text(),'save')] in state ToBeVisibile
[DEBUG] 2018-09-25 11:42:08.775 (BaseWaitingWarp.java:204) - Wait For By.xpath: .//button[@type='button'][contains(text(),'Go back')] to be hidden
[INFO ] 2018-09-25 11:42:08.804 (BaseWaitingWarp.java:259) - Find element By.xpath: .//button[@type='button'][contains(text(),'Go back')] in state ToBeVisibile
[ERROR] 2018-09-25 11:42:08.804 (ClientProperties.java:206) - Typing fields
[INFO ] 2018-09-25 11:42:08.804 (BasePOM.java:108) - Typing Jonhq01324410537 into By.id: firstName Overwrite:true wait after input mls: 0
[DEBUG] 2018-09-25 11:42:08.804 (BaseWaitingWarp.java:204) - Wait For By.id: firstName to be hidden
[INFO ] 2018-09-25 11:42:08.831 (BaseWaitingWarp.java:259) - Find element By.id: firstName in state ToBeVisibile
[DEBUG] 2018-09-25 11:42:08.937 (BaseWaitingWarp.java:157) - Going to sleep for :20
[DEBUG] 2018-09-25 11:42:08.959 (BaseWaitingWarp.java:163) - wakeup from sleep for :20
[DEBUG] 2018-09-25 11:42:08.966 (BaseWaitingWarp.java:47) - JQuery is Ready!
[DEBUG] 2018-09-25 11:42:08.975 (BaseWaitingWarp.java:94) - JS is Ready!
[DEBUG] 2018-09-25 11:42:08.975 (BaseWaitingWarp.java:157) - Going to sleep for :20
[DEBUG] 2018-09-25 11:42:08.995 (BaseWaitingWarp.java:163) - wakeup from sleep for :20
[DEBUG] 2018-09-25 11:42:09.003 (BaseWaitingWarp.java:145) - Angular is not defined on this site!
[INFO ] 2018-09-25 11:42:09.003 (BasePOM.java:108) - Typing Smithq09375771099 into By.id: lastName Overwrite:true wait after input mls: 0
[DEBUG] 2018-09-25 11:42:09.003 (BaseWaitingWarp.java:204) - Wait For By.id: lastName to be hidden
[INFO ] 2018-09-25 11:42:09.032 (BaseWaitingWarp.java:259) - Find element By.id: lastName in state ToBeVisibile
[DEBUG] 2018-09-25 11:42:09.138 (BaseWaitingWarp.java:157) - Going to sleep for :20
[DEBUG] 2018-09-25 11:42:09.159 (BaseWaitingWarp.java:163) - wakeup from sleep for :20
[DEBUG] 2018-09-25 11:42:09.168 (BaseWaitingWarp.java:47) - JQuery is Ready!
[DEBUG] 2018-09-25 11:42:09.176 (BaseWaitingWarp.java:94) - JS is Ready!
[DEBUG] 2018-09-25 11:42:09.176 (BaseWaitingWarp.java:157) - Going to sleep for :20
[DEBUG] 2018-09-25 11:42:09.197 (BaseWaitingWarp.java:163) - wakeup from sleep for :20
[DEBUG] 2018-09-25 11:42:09.204 (BaseWaitingWarp.java:145) - Angular is not defined on this site!
[INFO ] 2018-09-25 11:42:09.204 (BasePOM.java:108) - Typing kZAgU@NlHQk.com into By.id: email Overwrite:true wait after input mls: 0
[DEBUG] 2018-09-25 11:42:09.204 (BaseWaitingWarp.java:204) - Wait For By.id: email to be hidden
[INFO ] 2018-09-25 11:42:09.342 (BaseWaitingWarp.java:259) - Find element By.id: email in state ToBeVisibile
[DEBUG] 2018-09-25 11:42:09.448 (BaseWaitingWarp.java:157) - Going to sleep for :20
[DEBUG] 2018-09-25 11:42:09.468 (BaseWaitingWarp.java:163) - wakeup from sleep for :20
[DEBUG] 2018-09-25 11:42:09.475 (BaseWaitingWarp.java:47) - JQuery is Ready!
[DEBUG] 2018-09-25 11:42:09.482 (BaseWaitingWarp.java:94) - JS is Ready!
[DEBUG] 2018-09-25 11:42:09.482 (BaseWaitingWarp.java:157) - Going to sleep for :20
[DEBUG] 2018-09-25 11:42:09.503 (BaseWaitingWarp.java:163) - wakeup from sleep for :20
[DEBUG] 2018-09-25 11:42:09.509 (BaseWaitingWarp.java:145) - Angular is not defined on this site!
[INFO ] 2018-09-25 11:42:09.509 (BasePOM.java:108) - Typing Ekaoteokyqwirhqfpumuntyvmumtgglmwil into By.id: country Overwrite:true wait after input mls: 0
[DEBUG] 2018-09-25 11:42:09.509 (BaseWaitingWarp.java:204) - Wait For By.id: country to be hidden
[INFO ] 2018-09-25 11:42:09.535 (BaseWaitingWarp.java:259) - Find element By.id: country in state ToBeVisibile
[DEBUG] 2018-09-25 11:42:09.667 (BaseWaitingWarp.java:157) - Going to sleep for :20
[DEBUG] 2018-09-25 11:42:09.688 (BaseWaitingWarp.java:163) - wakeup from sleep for :20
[DEBUG] 2018-09-25 11:42:09.696 (BaseWaitingWarp.java:47) - JQuery is Ready!
[DEBUG] 2018-09-25 11:42:09.704 (BaseWaitingWarp.java:94) - JS is Ready!
[DEBUG] 2018-09-25 11:42:09.704 (BaseWaitingWarp.java:157) - Going to sleep for :20
[DEBUG] 2018-09-25 11:42:09.725 (BaseWaitingWarp.java:163) - wakeup from sleep for :20
[DEBUG] 2018-09-25 11:42:09.733 (BaseWaitingWarp.java:145) - Angular is not defined on this site!
[INFO ] 2018-09-25 11:42:09.733 (BasePOM.java:108) - Typing Ctlvlslyteikrauiprwkopwhvyrmtrvfrqjr into By.id: city Overwrite:true wait after input mls: 0
[DEBUG] 2018-09-25 11:42:09.733 (BaseWaitingWarp.java:204) - Wait For By.id: city to be hidden
[INFO ] 2018-09-25 11:42:09.759 (BaseWaitingWarp.java:259) - Find element By.id: city in state ToBeVisibile
[DEBUG] 2018-09-25 11:42:09.882 (BaseWaitingWarp.java:157) - Going to sleep for :20
[DEBUG] 2018-09-25 11:42:09.902 (BaseWaitingWarp.java:163) - wakeup from sleep for :20
[DEBUG] 2018-09-25 11:42:09.910 (BaseWaitingWarp.java:47) - JQuery is Ready!
[DEBUG] 2018-09-25 11:42:09.916 (BaseWaitingWarp.java:94) - JS is Ready!
[DEBUG] 2018-09-25 11:42:09.916 (BaseWaitingWarp.java:157) - Going to sleep for :20
[DEBUG] 2018-09-25 11:42:09.936 (BaseWaitingWarp.java:163) - wakeup from sleep for :20
[DEBUG] 2018-09-25 11:42:09.943 (BaseWaitingWarp.java:145) - Angular is not defined on this site!
[INFO ] 2018-09-25 11:42:09.943 (BasePOM.java:108) - Typing 6090510570 into By.id: phoneNumber Overwrite:true wait after input mls: 0
[DEBUG] 2018-09-25 11:42:09.943 (BaseWaitingWarp.java:204) - Wait For By.id: phoneNumber to be hidden
[INFO ] 2018-09-25 11:42:09.972 (BaseWaitingWarp.java:259) - Find element By.id: phoneNumber in state ToBeVisibile
[DEBUG] 2018-09-25 11:42:10.066 (BaseWaitingWarp.java:157) - Going to sleep for :20
[DEBUG] 2018-09-25 11:42:10.087 (BaseWaitingWarp.java:163) - wakeup from sleep for :20
[DEBUG] 2018-09-25 11:42:10.094 (BaseWaitingWarp.java:47) - JQuery is Ready!
[DEBUG] 2018-09-25 11:42:10.101 (BaseWaitingWarp.java:94) - JS is Ready!
[DEBUG] 2018-09-25 11:42:10.102 (BaseWaitingWarp.java:157) - Going to sleep for :20
[DEBUG] 2018-09-25 11:42:10.122 (BaseWaitingWarp.java:163) - wakeup from sleep for :20
[DEBUG] 2018-09-25 11:42:10.129 (BaseWaitingWarp.java:145) - Angular is not defined on this site!
[INFO ] 2018-09-25 11:42:10.129 (BasePOM.java:108) - Typing 4CQMSmw2ymZbO0iSyKKiEbLoP1eOzE0fYzfOd7wkDkJUR1hkC into By.id: skype Overwrite:true wait after input mls: 0
[DEBUG] 2018-09-25 11:42:10.129 (BaseWaitingWarp.java:204) - Wait For By.id: skype to be hidden
[INFO ] 2018-09-25 11:42:10.154 (BaseWaitingWarp.java:259) - Find element By.id: skype in state ToBeVisibile
[DEBUG] 2018-09-25 11:42:10.316 (BaseWaitingWarp.java:157) - Going to sleep for :20
[DEBUG] 2018-09-25 11:42:10.336 (BaseWaitingWarp.java:163) - wakeup from sleep for :20
[DEBUG] 2018-09-25 11:42:10.344 (BaseWaitingWarp.java:47) - JQuery is Ready!
[DEBUG] 2018-09-25 11:42:10.351 (BaseWaitingWarp.java:94) - JS is Ready!
[DEBUG] 2018-09-25 11:42:10.351 (BaseWaitingWarp.java:157) - Going to sleep for :20
[DEBUG] 2018-09-25 11:42:10.372 (BaseWaitingWarp.java:163) - wakeup from sleep for :20
[DEBUG] 2018-09-25 11:42:10.379 (BaseWaitingWarp.java:145) - Angular is not defined on this site!
[INFO ] 2018-09-25 11:42:10.379 (ClientProperties.java:199) - Clicking Save
[DEBUG] 2018-09-25 11:42:10.866 (BaseWaitingWarp.java:204) - Wait For By.xpath: .//button[contains(text(),'Create Client')] to be hidden
[INFO ] 2018-09-25 11:42:10.891 (BaseWaitingWarp.java:259) - Find element By.xpath: .//button[contains(text(),'Create Client')] in state ToBeVisibile
[INFO ] 2018-09-25 11:42:10.891 (BasePOM.java:108) - Typing Jonhq01324410537 Smithq09375771099 into By.xpath: .//input[@placeholder='Поиск'] Overwrite:true wait after input mls: 0
[DEBUG] 2018-09-25 11:42:10.891 (BaseWaitingWarp.java:204) - Wait For By.xpath: .//input[@placeholder='Поиск'] to be hidden
[INFO ] 2018-09-25 11:42:10.918 (BaseWaitingWarp.java:259) - Find element By.xpath: .//input[@placeholder='Поиск'] in state ToBeVisibile
[DEBUG] 2018-09-25 11:42:11.038 (BaseWaitingWarp.java:157) - Going to sleep for :20
[DEBUG] 2018-09-25 11:42:11.058 (BaseWaitingWarp.java:163) - wakeup from sleep for :20
[DEBUG] 2018-09-25 11:42:11.065 (BaseWaitingWarp.java:47) - JQuery is Ready!
[DEBUG] 2018-09-25 11:42:11.072 (BaseWaitingWarp.java:94) - JS is Ready!
[DEBUG] 2018-09-25 11:42:11.073 (BaseWaitingWarp.java:157) - Going to sleep for :20
[DEBUG] 2018-09-25 11:42:11.093 (BaseWaitingWarp.java:163) - wakeup from sleep for :20
[DEBUG] 2018-09-25 11:42:11.101 (BaseWaitingWarp.java:145) - Angular is not defined on this site!
[DEBUG] 2018-09-25 11:42:11.101 (BaseWaitingWarp.java:199) - Wait For By.xpath: //div[@class='fixed-table-loading'] to be hidden
[INFO ] 2018-09-25 11:42:11.125 (BaseWaitingWarp.java:259) - Find element By.xpath: //div[@class='fixed-table-loading'] in state ToBeHidden
[INFO ] 2018-09-25 11:42:11.126 (BasePOM.java:141) - Wait For By.xpath: .//a[contains(text(),'Jonhq01324410537 Smithq09375771099')]
[DEBUG] 2018-09-25 11:42:11.126 (BasePOM.java:83) - Wait For By.xpath: .//a[contains(text(),'Jonhq01324410537 Smithq09375771099')]
[DEBUG] 2018-09-25 11:42:12.055 (BaseWaitingWarp.java:204) - Wait For By.xpath: .//button[@type='button'][contains(text(),'Go back')] to be hidden
[INFO ] 2018-09-25 11:42:12.077 (BaseWaitingWarp.java:259) - Find element By.xpath: .//button[@type='button'][contains(text(),'Go back')] in state ToBeVisibile
[DEBUG] 2018-09-25 11:42:12.190 (DataBase.java:39) - PostgreSQL JDBC Driver successfully connected
[DEBUG] 2018-09-25 11:42:12.327 (DataBase.java:60) - You successfully connected to database now
[INFO ] 2018-09-25 11:42:12.375 (DataBase.java:74) - DB Connection close
[DEBUG] 2018-09-25 11:42:12.375 (PrintOuts.java:13) - Printing Map with comment:Comapre With Page
[DEBUG] 2018-09-25 11:42:12.375 (PrintOuts.java:41) - For key firstName result is OK
[DEBUG] 2018-09-25 11:42:12.375 (PrintOuts.java:41) - For key lastName result is OK
[DEBUG] 2018-09-25 11:42:12.375 (PrintOuts.java:41) - For key country result is OK
[DEBUG] 2018-09-25 11:42:12.376 (PrintOuts.java:41) - For key skype result is OK
[DEBUG] 2018-09-25 11:42:12.376 (PrintOuts.java:41) - For key city result is OK
[DEBUG] 2018-09-25 11:42:12.376 (PrintOuts.java:41) - For key phone result is OK
[DEBUG] 2018-09-25 11:42:12.376 (PrintOuts.java:41) - For key email result is OK
[INFO ] 2018-09-25 11:42:12.376 (AssertWarp.java:15) - TEST SUCCESSFULLY COMPLETED
[DEBUG] 2018-09-25 11:42:12.376 (PrintOuts.java:13) - Printing Map with comment:Compare With Db
[DEBUG] 2018-09-25 11:42:12.376 (PrintOuts.java:41) - For key firstName result is OK
[DEBUG] 2018-09-25 11:42:12.376 (PrintOuts.java:41) - For key lastName result is OK
[DEBUG] 2018-09-25 11:42:12.376 (PrintOuts.java:41) - For key country result is OK
[DEBUG] 2018-09-25 11:42:12.376 (PrintOuts.java:41) - For key skype result is OK
[DEBUG] 2018-09-25 11:42:12.376 (PrintOuts.java:41) - For key city result is OK
[DEBUG] 2018-09-25 11:42:12.377 (PrintOuts.java:41) - For key phone result is OK
[DEBUG] 2018-09-25 11:42:12.377 (PrintOuts.java:41) - For key email result is OK
[INFO ] 2018-09-25 11:42:12.381 (ScreenShots.java:22) - Resizing Page
[INFO ] 2018-09-25 11:42:13.736 (ScreenShots.java:35) - Making screenshot
[INFO ] 2018-09-25 11:42:14.017 (BaseTest.java:141) - Closing browser
